[2022-06-09 18:42:58,541] ERROR in app: Exception on /backend/ChangeBanchName [POST]
Traceback (most recent call last):
  File "/usr/local/lib/python3.9/site-packages/flask/app.py", line 2073, in wsgi_app
    response = self.full_dispatch_request()
  File "/usr/local/lib/python3.9/site-packages/flask/app.py", line 1518, in full_dispatch_request
    rv = self.handle_user_exception(e)
  File "/Users/admin/Downloads/code/dajia/backend/package/flask_cors/extension.py", line 165, in wrapped_function
    return cors_after_request(app.make_response(f(*args, **kwargs)))
  File "/usr/local/lib/python3.9/site-packages/flask/app.py", line 1516, in full_dispatch_request
    rv = self.dispatch_request()
  File "/usr/local/lib/python3.9/site-packages/flask/app.py", line 1502, in dispatch_request
    return self.ensure_sync(self.view_functions[rule.endpoint])(**req.view_args)
  File "/Users/admin/Downloads/code/dajia/backend/package/flask_cors/decorator.py", line 128, in wrapped_function
    resp = make_response(f(*args, **kwargs))
  File "/Users/admin/Downloads/code/dajia/backend/backend.py", line 321, in backendChangeBanchName
    result=update_or_insert_to_change_banch_name(data)
  File "/Users/admin/Downloads/code/dajia/backend/database.py", line 683, in update_or_insert_to_change_banch_name
    cursor.commit()
AttributeError: 'CMySQLCursor' object has no attribute 'commit'
[2022-06-09 18:44:02,847] ERROR in app: Exception on /backend/ChangeBanchName [POST]
Traceback (most recent call last):
  File "/usr/local/lib/python3.9/site-packages/flask/app.py", line 2073, in wsgi_app
    response = self.full_dispatch_request()
  File "/usr/local/lib/python3.9/site-packages/flask/app.py", line 1518, in full_dispatch_request
    rv = self.handle_user_exception(e)
  File "/Users/admin/Downloads/code/dajia/backend/package/flask_cors/extension.py", line 165, in wrapped_function
    return cors_after_request(app.make_response(f(*args, **kwargs)))
  File "/usr/local/lib/python3.9/site-packages/flask/app.py", line 1516, in full_dispatch_request
    rv = self.dispatch_request()
  File "/usr/local/lib/python3.9/site-packages/flask/app.py", line 1502, in dispatch_request
    return self.ensure_sync(self.view_functions[rule.endpoint])(**req.view_args)
  File "/Users/admin/Downloads/code/dajia/backend/package/flask_cors/decorator.py", line 128, in wrapped_function
    resp = make_response(f(*args, **kwargs))
  File "/Users/admin/Downloads/code/dajia/backend/backend.py", line 321, in backendChangeBanchName
    result=update_or_insert_to_change_banch_name(data)
  File "/Users/admin/Downloads/code/dajia/backend/database.py", line 684, in update_or_insert_to_change_banch_name
    cursor.commit()
AttributeError: 'CMySQLCursor' object has no attribute 'commit'
[2022-06-09 18:44:40 +0800] [32673] [WARNING] Worker with pid 32680 was terminated due to signal 1
[2022-06-09 18:45:09,372] ERROR in app: Exception on /backend/ChangeBanchName [POST]
Traceback (most recent call last):
  File "/usr/local/lib/python3.9/site-packages/flask/app.py", line 2073, in wsgi_app
    response = self.full_dispatch_request()
  File "/usr/local/lib/python3.9/site-packages/flask/app.py", line 1518, in full_dispatch_request
    rv = self.handle_user_exception(e)
  File "/Users/admin/Downloads/code/dajia/backend/package/flask_cors/extension.py", line 165, in wrapped_function
    return cors_after_request(app.make_response(f(*args, **kwargs)))
  File "/usr/local/lib/python3.9/site-packages/flask/app.py", line 1516, in full_dispatch_request
    rv = self.dispatch_request()
  File "/usr/local/lib/python3.9/site-packages/flask/app.py", line 1502, in dispatch_request
    return self.ensure_sync(self.view_functions[rule.endpoint])(**req.view_args)
  File "/Users/admin/Downloads/code/dajia/backend/package/flask_cors/decorator.py", line 128, in wrapped_function
    resp = make_response(f(*args, **kwargs))
  File "/Users/admin/Downloads/code/dajia/backend/backend.py", line 321, in backendChangeBanchName
    result=update_or_insert_to_change_banch_name(data['data'])
  File "/Users/admin/Downloads/code/dajia/backend/database.py", line 684, in update_or_insert_to_change_banch_name
    cursor.commit()
AttributeError: 'CMySQLCursor' object has no attribute 'commit'
[2022-06-09 18:46:54,692] ERROR in app: Exception on /backend/ChangeBanchName [POST]
Traceback (most recent call last):
  File "/usr/local/lib/python3.9/site-packages/flask/app.py", line 2073, in wsgi_app
    response = self.full_dispatch_request()
  File "/usr/local/lib/python3.9/site-packages/flask/app.py", line 1518, in full_dispatch_request
    rv = self.handle_user_exception(e)
  File "/Users/admin/Downloads/code/dajia/backend/package/flask_cors/extension.py", line 165, in wrapped_function
    return cors_after_request(app.make_response(f(*args, **kwargs)))
  File "/usr/local/lib/python3.9/site-packages/flask/app.py", line 1516, in full_dispatch_request
    rv = self.dispatch_request()
  File "/usr/local/lib/python3.9/site-packages/flask/app.py", line 1502, in dispatch_request
    return self.ensure_sync(self.view_functions[rule.endpoint])(**req.view_args)
  File "/Users/admin/Downloads/code/dajia/backend/package/flask_cors/decorator.py", line 128, in wrapped_function
    resp = make_response(f(*args, **kwargs))
  File "/Users/admin/Downloads/code/dajia/backend/backend.py", line 321, in backendChangeBanchName
    result=update_or_insert_to_change_banch_name(data['data'])
  File "/Users/admin/Downloads/code/dajia/backend/database.py", line 685, in update_or_insert_to_change_banch_name
    cursor.commit()
AttributeError: 'CMySQLCursor' object has no attribute 'commit'
[2022-06-09 18:54:43,033] ERROR in app: Exception on /backend/ChangeBanchName [POST]
Traceback (most recent call last):
  File "/usr/local/lib/python3.9/site-packages/flask/app.py", line 2073, in wsgi_app
    response = self.full_dispatch_request()
  File "/usr/local/lib/python3.9/site-packages/flask/app.py", line 1518, in full_dispatch_request
    rv = self.handle_user_exception(e)
  File "/Users/admin/Downloads/code/dajia/backend/package/flask_cors/extension.py", line 165, in wrapped_function
    return cors_after_request(app.make_response(f(*args, **kwargs)))
  File "/usr/local/lib/python3.9/site-packages/flask/app.py", line 1516, in full_dispatch_request
    rv = self.dispatch_request()
  File "/usr/local/lib/python3.9/site-packages/flask/app.py", line 1502, in dispatch_request
    return self.ensure_sync(self.view_functions[rule.endpoint])(**req.view_args)
  File "/Users/admin/Downloads/code/dajia/backend/package/flask_cors/decorator.py", line 128, in wrapped_function
    resp = make_response(f(*args, **kwargs))
  File "/Users/admin/Downloads/code/dajia/backend/backend.py", line 321, in backendChangeBanchName
    result=update_or_insert_to_change_banch_name(data['data'])
  File "/Users/admin/Downloads/code/dajia/backend/database.py", line 687, in update_or_insert_to_change_banch_name
    cursor.commit()
AttributeError: 'CMySQLCursor' object has no attribute 'commit'
[2022-06-09 18:55:24 +0800] [32749] [CRITICAL] WORKER TIMEOUT (pid:32752)
[2022-06-09 18:55:25 +0800] [32749] [WARNING] Worker with pid 32752 was terminated due to signal 9
[2022-06-09 18:55:35,933] ERROR in app: Exception on /backend/ChangeBanchName [POST]
Traceback (most recent call last):
  File "/usr/local/lib/python3.9/site-packages/flask/app.py", line 2073, in wsgi_app
    response = self.full_dispatch_request()
  File "/usr/local/lib/python3.9/site-packages/flask/app.py", line 1518, in full_dispatch_request
    rv = self.handle_user_exception(e)
  File "/Users/admin/Downloads/code/dajia/backend/package/flask_cors/extension.py", line 165, in wrapped_function
    return cors_after_request(app.make_response(f(*args, **kwargs)))
  File "/usr/local/lib/python3.9/site-packages/flask/app.py", line 1516, in full_dispatch_request
    rv = self.dispatch_request()
  File "/usr/local/lib/python3.9/site-packages/flask/app.py", line 1502, in dispatch_request
    return self.ensure_sync(self.view_functions[rule.endpoint])(**req.view_args)
  File "/Users/admin/Downloads/code/dajia/backend/package/flask_cors/decorator.py", line 128, in wrapped_function
    resp = make_response(f(*args, **kwargs))
  File "/Users/admin/Downloads/code/dajia/backend/backend.py", line 321, in backendChangeBanchName
    result=update_or_insert_to_change_banch_name(data['data'])
  File "/Users/admin/Downloads/code/dajia/backend/database.py", line 687, in update_or_insert_to_change_banch_name
    cursor.commit()
AttributeError: 'CMySQLCursor' object has no attribute 'commit'
[2022-06-09 18:55:39,666] ERROR in app: Exception on /backend/ChangeBanchName [POST]
Traceback (most recent call last):
  File "/usr/local/lib/python3.9/site-packages/flask/app.py", line 2073, in wsgi_app
    response = self.full_dispatch_request()
  File "/usr/local/lib/python3.9/site-packages/flask/app.py", line 1518, in full_dispatch_request
    rv = self.handle_user_exception(e)
  File "/Users/admin/Downloads/code/dajia/backend/package/flask_cors/extension.py", line 165, in wrapped_function
    return cors_after_request(app.make_response(f(*args, **kwargs)))
  File "/usr/local/lib/python3.9/site-packages/flask/app.py", line 1516, in full_dispatch_request
    rv = self.dispatch_request()
  File "/usr/local/lib/python3.9/site-packages/flask/app.py", line 1502, in dispatch_request
    return self.ensure_sync(self.view_functions[rule.endpoint])(**req.view_args)
  File "/Users/admin/Downloads/code/dajia/backend/package/flask_cors/decorator.py", line 128, in wrapped_function
    resp = make_response(f(*args, **kwargs))
  File "/Users/admin/Downloads/code/dajia/backend/backend.py", line 321, in backendChangeBanchName
    result=update_or_insert_to_change_banch_name(data['data'])
  File "/Users/admin/Downloads/code/dajia/backend/database.py", line 687, in update_or_insert_to_change_banch_name
    cursor.commit()
AttributeError: 'CMySQLCursor' object has no attribute 'commit'
[2022-06-09 18:58:23 +0800] [32762] [WARNING] Worker with pid 32770 was terminated due to signal 1
[2022-06-09 18:58:23 +0800] [32762] [WARNING] Worker with pid 32769 was terminated due to signal 1
[2022-07-16 18:42:49 +0800] [4899] [ERROR] Connection in use: ('0.0.0.0', 5000)
[2022-07-16 18:42:49 +0800] [4899] [ERROR] Retrying in 1 second.
[2022-07-16 18:42:50 +0800] [4899] [ERROR] Connection in use: ('0.0.0.0', 5000)
[2022-07-16 18:42:50 +0800] [4899] [ERROR] Retrying in 1 second.
[2022-07-16 18:42:51 +0800] [4899] [ERROR] Connection in use: ('0.0.0.0', 5000)
[2022-07-16 18:42:51 +0800] [4899] [ERROR] Retrying in 1 second.
[2022-07-16 18:42:52 +0800] [4899] [ERROR] Connection in use: ('0.0.0.0', 5000)
[2022-07-16 18:42:52 +0800] [4899] [ERROR] Retrying in 1 second.
[2022-07-16 18:42:53 +0800] [4899] [ERROR] Connection in use: ('0.0.0.0', 5000)
[2022-07-16 18:42:53 +0800] [4899] [ERROR] Retrying in 1 second.
[2022-07-16 18:42:54 +0800] [4899] [ERROR] Can't connect to ('0.0.0.0', 5000)
[2022-07-16 19:45:24 +0800] [5906] [CRITICAL] WORKER TIMEOUT (pid:5920)
[2022-07-16 19:45:24 +0800] [5906] [CRITICAL] WORKER TIMEOUT (pid:5921)
[2022-07-16 19:45:24 +0800] [5906] [CRITICAL] WORKER TIMEOUT (pid:5922)
[2022-07-16 19:45:24 +0800] [5906] [CRITICAL] WORKER TIMEOUT (pid:5929)
[2022-07-16 19:45:24 +0800] [5906] [CRITICAL] WORKER TIMEOUT (pid:5930)
[2022-07-16 19:45:24 +0800] [5906] [CRITICAL] WORKER TIMEOUT (pid:5931)
[2022-07-16 19:45:24 +0800] [5906] [CRITICAL] WORKER TIMEOUT (pid:5932)
[2022-07-16 19:45:24 +0800] [5906] [CRITICAL] WORKER TIMEOUT (pid:5933)
[2022-07-16 19:45:24 +0800] [5906] [CRITICAL] WORKER TIMEOUT (pid:5934)
[2022-07-16 19:45:24 +0800] [5906] [CRITICAL] WORKER TIMEOUT (pid:5935)
[2022-07-16 19:45:24 +0800] [5906] [CRITICAL] WORKER TIMEOUT (pid:5936)
[2022-07-16 19:45:24 +0800] [5906] [CRITICAL] WORKER TIMEOUT (pid:5937)
[2022-07-16 19:45:24 +0800] [5906] [WARNING] Worker with pid 5937 was terminated due to signal 9
[2022-07-16 19:45:24 +0800] [5906] [WARNING] Worker with pid 5932 was terminated due to signal 9
[2022-07-16 19:45:24 +0800] [5906] [WARNING] Worker with pid 5931 was terminated due to signal 9
[2022-07-16 19:45:24 +0800] [5906] [WARNING] Worker with pid 5930 was terminated due to signal 9
[2022-07-16 19:45:24 +0800] [5906] [WARNING] Worker with pid 5929 was terminated due to signal 9
[2022-07-16 19:45:24 +0800] [5906] [WARNING] Worker with pid 5922 was terminated due to signal 9
[2022-07-16 19:45:24 +0800] [5906] [WARNING] Worker with pid 5920 was terminated due to signal 9
[2022-07-16 19:45:24 +0800] [5906] [WARNING] Worker with pid 5934 was terminated due to signal 9
[2022-07-16 19:45:24 +0800] [5906] [WARNING] Worker with pid 5935 was terminated due to signal 9
[2022-07-16 19:45:24 +0800] [5906] [WARNING] Worker with pid 5936 was terminated due to signal 9
[2022-07-16 19:45:24 +0800] [5906] [WARNING] Worker with pid 5921 was terminated due to signal 9
[2022-07-16 20:01:40 +0800] [5906] [CRITICAL] WORKER TIMEOUT (pid:6249)
[2022-07-16 20:01:40 +0800] [5906] [CRITICAL] WORKER TIMEOUT (pid:6251)
[2022-07-16 20:01:40 +0800] [5906] [CRITICAL] WORKER TIMEOUT (pid:6254)
[2022-07-16 20:01:40 +0800] [5906] [WARNING] Worker with pid 6251 was terminated due to signal 9
[2022-07-16 20:18:03 +0800] [5906] [CRITICAL] WORKER TIMEOUT (pid:5924)
[2022-07-16 20:18:03 +0800] [5906] [CRITICAL] WORKER TIMEOUT (pid:5925)
[2022-07-16 20:18:03 +0800] [5906] [CRITICAL] WORKER TIMEOUT (pid:5926)
[2022-07-16 20:18:03 +0800] [5906] [CRITICAL] WORKER TIMEOUT (pid:5927)
[2022-07-16 20:18:03 +0800] [5906] [CRITICAL] WORKER TIMEOUT (pid:6256)
[2022-07-16 20:18:03 +0800] [5906] [CRITICAL] WORKER TIMEOUT (pid:6257)
[2022-07-16 20:18:03 +0800] [5906] [CRITICAL] WORKER TIMEOUT (pid:6258)
[2022-07-16 20:18:03 +0800] [5906] [CRITICAL] WORKER TIMEOUT (pid:6260)
[2022-07-16 20:18:03 +0800] [5906] [CRITICAL] WORKER TIMEOUT (pid:6281)
[2022-07-16 20:18:03 +0800] [5906] [WARNING] Worker with pid 5926 was terminated due to signal 9
[2022-07-16 20:18:03 +0800] [5906] [WARNING] Worker with pid 5925 was terminated due to signal 9
[2022-07-16 20:18:03 +0800] [5906] [WARNING] Worker with pid 5924 was terminated due to signal 9
[2022-07-16 20:18:03 +0800] [5906] [WARNING] Worker with pid 5927 was terminated due to signal 9
[2022-07-16 20:18:03 +0800] [5906] [WARNING] Worker with pid 6258 was terminated due to signal 9
[2022-07-16 20:18:03 +0800] [5906] [WARNING] Worker with pid 6260 was terminated due to signal 9
[2022-07-16 20:18:03 +0800] [5906] [WARNING] Worker with pid 6256 was terminated due to signal 9
[2022-07-16 20:26:04 +0800] [5906] [CRITICAL] WORKER TIMEOUT (pid:5928)
[2022-07-16 20:26:04 +0800] [5906] [CRITICAL] WORKER TIMEOUT (pid:6261)
[2022-07-16 20:26:04 +0800] [5906] [CRITICAL] WORKER TIMEOUT (pid:6263)
[2022-07-16 20:26:04 +0800] [5906] [CRITICAL] WORKER TIMEOUT (pid:6264)
[2022-07-16 20:26:04 +0800] [5906] [CRITICAL] WORKER TIMEOUT (pid:6265)
[2022-07-16 20:26:04 +0800] [5906] [CRITICAL] WORKER TIMEOUT (pid:6266)
[2022-07-16 20:26:04 +0800] [5906] [CRITICAL] WORKER TIMEOUT (pid:6290)
[2022-07-16 20:26:04 +0800] [5906] [WARNING] Worker with pid 6265 was terminated due to signal 9
[2022-07-16 20:26:04 +0800] [5906] [WARNING] Worker with pid 6264 was terminated due to signal 9
[2022-07-16 20:26:04 +0800] [5906] [WARNING] Worker with pid 6263 was terminated due to signal 9
[2022-07-16 20:26:04 +0800] [5906] [WARNING] Worker with pid 6261 was terminated due to signal 9
[2022-07-16 20:26:04 +0800] [5906] [WARNING] Worker with pid 5928 was terminated due to signal 9
[2022-07-16 20:26:04 +0800] [5906] [WARNING] Worker with pid 6266 was terminated due to signal 9
[2022-07-16 20:44:51 +0800] [5906] [CRITICAL] WORKER TIMEOUT (pid:6285)
[2022-07-16 20:44:51 +0800] [5906] [CRITICAL] WORKER TIMEOUT (pid:6286)
[2022-07-16 20:44:51 +0800] [5906] [CRITICAL] WORKER TIMEOUT (pid:6287)
[2022-07-16 20:44:51 +0800] [5906] [CRITICAL] WORKER TIMEOUT (pid:6288)
[2022-07-16 20:44:51 +0800] [5906] [CRITICAL] WORKER TIMEOUT (pid:6289)
[2022-07-16 20:44:51 +0800] [5906] [WARNING] Worker with pid 6289 was terminated due to signal 9
[2022-07-16 20:44:51 +0800] [5906] [WARNING] Worker with pid 6286 was terminated due to signal 9
[2022-07-16 21:16:39 +0800] [5906] [CRITICAL] WORKER TIMEOUT (pid:6279)
[2022-07-16 21:16:39 +0800] [5906] [CRITICAL] WORKER TIMEOUT (pid:6280)
[2022-07-16 21:16:39 +0800] [5906] [CRITICAL] WORKER TIMEOUT (pid:6295)
[2022-07-16 21:16:39 +0800] [5906] [CRITICAL] WORKER TIMEOUT (pid:6296)
[2022-07-16 21:16:39 +0800] [5906] [CRITICAL] WORKER TIMEOUT (pid:6297)
[2022-07-16 21:16:39 +0800] [5906] [CRITICAL] WORKER TIMEOUT (pid:6298)
[2022-07-16 21:16:39 +0800] [5906] [CRITICAL] WORKER TIMEOUT (pid:6299)
[2022-07-16 21:16:39 +0800] [5906] [CRITICAL] WORKER TIMEOUT (pid:6300)
[2022-07-16 21:16:39 +0800] [5906] [CRITICAL] WORKER TIMEOUT (pid:6301)
[2022-07-16 21:16:39 +0800] [5906] [CRITICAL] WORKER TIMEOUT (pid:6398)
[2022-07-16 21:16:39 +0800] [5906] [WARNING] Worker with pid 6295 was terminated due to signal 9
[2022-07-16 21:16:39 +0800] [5906] [WARNING] Worker with pid 6296 was terminated due to signal 9
[2022-07-16 21:16:39 +0800] [5906] [WARNING] Worker with pid 6279 was terminated due to signal 9
[2022-07-16 21:16:39 +0800] [5906] [WARNING] Worker with pid 6301 was terminated due to signal 9
[2022-07-16 21:16:39 +0800] [5906] [WARNING] Worker with pid 6299 was terminated due to signal 9
[2022-07-16 21:16:39 +0800] [5906] [WARNING] Worker with pid 6280 was terminated due to signal 9
[2022-07-16 21:16:39 +0800] [5906] [WARNING] Worker with pid 6298 was terminated due to signal 9
[2022-07-16 21:51:14 +0800] [5906] [CRITICAL] WORKER TIMEOUT (pid:6282)
[2022-07-16 21:51:14 +0800] [5906] [CRITICAL] WORKER TIMEOUT (pid:6283)
[2022-07-16 21:51:14 +0800] [5906] [CRITICAL] WORKER TIMEOUT (pid:6284)
[2022-07-16 21:51:14 +0800] [5906] [CRITICAL] WORKER TIMEOUT (pid:6412)
[2022-07-16 21:51:14 +0800] [5906] [CRITICAL] WORKER TIMEOUT (pid:6413)
[2022-07-16 21:51:14 +0800] [5906] [CRITICAL] WORKER TIMEOUT (pid:6414)
[2022-07-16 21:51:14 +0800] [5906] [CRITICAL] WORKER TIMEOUT (pid:6415)
[2022-07-16 21:51:14 +0800] [5906] [CRITICAL] WORKER TIMEOUT (pid:6416)
[2022-07-16 21:51:14 +0800] [5906] [CRITICAL] WORKER TIMEOUT (pid:6417)
[2022-07-16 21:51:14 +0800] [5906] [CRITICAL] WORKER TIMEOUT (pid:6418)
[2022-07-16 21:51:14 +0800] [5906] [CRITICAL] WORKER TIMEOUT (pid:6419)
[2022-07-16 21:51:14 +0800] [5906] [CRITICAL] WORKER TIMEOUT (pid:6420)
[2022-07-16 21:51:14 +0800] [5906] [CRITICAL] WORKER TIMEOUT (pid:6421)
[2022-07-16 21:51:14 +0800] [5906] [WARNING] Worker with pid 6419 was terminated due to signal 9
[2022-07-16 21:51:14 +0800] [5906] [WARNING] Worker with pid 6416 was terminated due to signal 9
[2022-07-16 21:51:14 +0800] [5906] [WARNING] Worker with pid 6415 was terminated due to signal 9
[2022-07-16 21:51:14 +0800] [5906] [WARNING] Worker with pid 6414 was terminated due to signal 9
[2022-07-16 21:51:14 +0800] [5906] [WARNING] Worker with pid 6413 was terminated due to signal 9
[2022-07-16 21:51:14 +0800] [5906] [WARNING] Worker with pid 6284 was terminated due to signal 9
[2022-07-16 21:51:14 +0800] [5906] [WARNING] Worker with pid 6418 was terminated due to signal 9
[2022-07-16 21:51:14 +0800] [5906] [WARNING] Worker with pid 6417 was terminated due to signal 9
[2022-07-16 21:51:14 +0800] [5906] [WARNING] Worker with pid 6421 was terminated due to signal 9
[2022-07-16 21:51:14 +0800] [5906] [WARNING] Worker with pid 6420 was terminated due to signal 9
[2022-07-16 21:51:14 +0800] [5906] [WARNING] Worker with pid 6283 was terminated due to signal 9
[2022-07-16 21:51:14 +0800] [5906] [WARNING] Worker with pid 6282 was terminated due to signal 9
[2022-07-16 22:06:35 +0800] [5906] [CRITICAL] WORKER TIMEOUT (pid:6461)
[2022-07-16 22:06:35 +0800] [5906] [CRITICAL] WORKER TIMEOUT (pid:6462)
[2022-07-16 22:06:35 +0800] [5906] [CRITICAL] WORKER TIMEOUT (pid:6463)
[2022-07-16 22:06:35 +0800] [5906] [CRITICAL] WORKER TIMEOUT (pid:6464)
[2022-07-16 22:06:35 +0800] [5906] [CRITICAL] WORKER TIMEOUT (pid:6465)
[2022-07-16 22:06:35 +0800] [5906] [CRITICAL] WORKER TIMEOUT (pid:6466)
[2022-07-16 22:06:35 +0800] [5906] [WARNING] Worker with pid 6463 was terminated due to signal 9
[2022-07-16 22:06:35 +0800] [5906] [WARNING] Worker with pid 6462 was terminated due to signal 9
[2022-07-16 22:06:35 +0800] [5906] [WARNING] Worker with pid 6461 was terminated due to signal 9
[2022-07-16 22:06:35 +0800] [5906] [WARNING] Worker with pid 6466 was terminated due to signal 9
[2022-07-16 22:22:26 +0800] [5906] [CRITICAL] WORKER TIMEOUT (pid:6483)
[2022-07-16 22:38:36 +0800] [5906] [CRITICAL] WORKER TIMEOUT (pid:6394)
[2022-07-16 22:38:36 +0800] [5906] [CRITICAL] WORKER TIMEOUT (pid:6395)
[2022-07-16 22:38:36 +0800] [5906] [CRITICAL] WORKER TIMEOUT (pid:6396)
[2022-07-16 22:38:36 +0800] [5906] [CRITICAL] WORKER TIMEOUT (pid:6397)
[2022-07-16 22:38:36 +0800] [5906] [CRITICAL] WORKER TIMEOUT (pid:6467)
[2022-07-16 22:38:36 +0800] [5906] [CRITICAL] WORKER TIMEOUT (pid:6468)
[2022-07-16 22:38:36 +0800] [5906] [CRITICAL] WORKER TIMEOUT (pid:6469)
[2022-07-16 22:38:36 +0800] [5906] [CRITICAL] WORKER TIMEOUT (pid:6470)
[2022-07-16 22:38:36 +0800] [5906] [CRITICAL] WORKER TIMEOUT (pid:6471)
[2022-07-16 22:38:36 +0800] [5906] [CRITICAL] WORKER TIMEOUT (pid:6472)
[2022-07-16 22:38:36 +0800] [5906] [CRITICAL] WORKER TIMEOUT (pid:6473)
[2022-07-16 22:38:36 +0800] [5906] [CRITICAL] WORKER TIMEOUT (pid:6478)
[2022-07-16 22:38:36 +0800] [5906] [CRITICAL] WORKER TIMEOUT (pid:6479)
[2022-07-16 22:38:36 +0800] [5906] [CRITICAL] WORKER TIMEOUT (pid:6480)
[2022-07-16 22:38:36 +0800] [5906] [CRITICAL] WORKER TIMEOUT (pid:6481)
[2022-07-16 22:38:36 +0800] [5906] [WARNING] Worker with pid 6471 was terminated due to signal 9
[2022-07-16 22:38:36 +0800] [5906] [WARNING] Worker with pid 6470 was terminated due to signal 9
[2022-07-16 22:38:36 +0800] [5906] [WARNING] Worker with pid 6469 was terminated due to signal 9
[2022-07-16 22:38:36 +0800] [5906] [WARNING] Worker with pid 6468 was terminated due to signal 9
[2022-07-16 22:38:36 +0800] [5906] [WARNING] Worker with pid 6467 was terminated due to signal 9
[2022-07-16 22:38:36 +0800] [5906] [WARNING] Worker with pid 6397 was terminated due to signal 9
[2022-07-16 22:38:36 +0800] [5906] [WARNING] Worker with pid 6396 was terminated due to signal 9
[2022-07-16 22:38:36 +0800] [5906] [WARNING] Worker with pid 6395 was terminated due to signal 9
[2022-07-16 22:38:36 +0800] [5906] [WARNING] Worker with pid 6394 was terminated due to signal 9
[2022-07-16 22:38:36 +0800] [5906] [WARNING] Worker with pid 6473 was terminated due to signal 9
[2022-07-16 22:38:36 +0800] [5906] [WARNING] Worker with pid 6472 was terminated due to signal 9
[2022-07-16 22:38:36 +0800] [5906] [WARNING] Worker with pid 6478 was terminated due to signal 9
[2022-07-16 22:38:36 +0800] [5906] [WARNING] Worker with pid 6479 was terminated due to signal 9
[2022-07-16 22:38:36 +0800] [5906] [WARNING] Worker with pid 6480 was terminated due to signal 9
[2022-07-16 22:56:09 +0800] [5906] [CRITICAL] WORKER TIMEOUT (pid:6491)
[2022-07-16 22:56:09 +0800] [5906] [CRITICAL] WORKER TIMEOUT (pid:6492)
[2022-07-16 22:56:09 +0800] [5906] [CRITICAL] WORKER TIMEOUT (pid:6493)
[2022-07-16 22:56:09 +0800] [5906] [CRITICAL] WORKER TIMEOUT (pid:6494)
[2022-07-16 22:56:09 +0800] [5906] [CRITICAL] WORKER TIMEOUT (pid:6495)
[2022-07-16 22:56:09 +0800] [5906] [CRITICAL] WORKER TIMEOUT (pid:6496)
[2022-07-16 22:56:09 +0800] [5906] [CRITICAL] WORKER TIMEOUT (pid:6497)
[2022-07-16 22:56:09 +0800] [5906] [CRITICAL] WORKER TIMEOUT (pid:6498)
[2022-07-16 22:56:09 +0800] [5906] [WARNING] Worker with pid 6491 was terminated due to signal 9
[2022-07-16 22:56:09 +0800] [5906] [WARNING] Worker with pid 6496 was terminated due to signal 9
[2022-07-16 22:56:09 +0800] [5906] [WARNING] Worker with pid 6494 was terminated due to signal 9
[2022-07-16 22:56:09 +0800] [5906] [WARNING] Worker with pid 6493 was terminated due to signal 9
[2022-07-16 22:56:09 +0800] [5906] [WARNING] Worker with pid 6495 was terminated due to signal 9
[2022-07-16 23:12:58 +0800] [5906] [CRITICAL] WORKER TIMEOUT (pid:6482)
[2022-07-16 23:12:58 +0800] [5906] [CRITICAL] WORKER TIMEOUT (pid:6489)
[2022-07-16 23:12:58 +0800] [5906] [CRITICAL] WORKER TIMEOUT (pid:6499)
[2022-07-16 23:12:58 +0800] [5906] [CRITICAL] WORKER TIMEOUT (pid:6500)
[2022-07-16 23:12:58 +0800] [5906] [CRITICAL] WORKER TIMEOUT (pid:6501)
[2022-07-16 23:12:58 +0800] [5906] [CRITICAL] WORKER TIMEOUT (pid:6502)
[2022-07-16 23:12:58 +0800] [5906] [CRITICAL] WORKER TIMEOUT (pid:6503)
[2022-07-16 23:12:58 +0800] [5906] [CRITICAL] WORKER TIMEOUT (pid:6504)
[2022-07-16 23:12:58 +0800] [5906] [CRITICAL] WORKER TIMEOUT (pid:6505)
[2022-07-16 23:12:58 +0800] [5906] [CRITICAL] WORKER TIMEOUT (pid:6512)
[2022-07-16 23:12:58 +0800] [5906] [CRITICAL] WORKER TIMEOUT (pid:6513)
[2022-07-16 23:12:58 +0800] [5906] [CRITICAL] WORKER TIMEOUT (pid:6514)
[2022-07-16 23:12:58 +0800] [5906] [CRITICAL] WORKER TIMEOUT (pid:6515)
[2022-07-16 23:12:58 +0800] [5906] [CRITICAL] WORKER TIMEOUT (pid:6516)
[2022-07-16 23:12:58 +0800] [5906] [CRITICAL] WORKER TIMEOUT (pid:6517)
[2022-07-16 23:12:58 +0800] [5906] [CRITICAL] WORKER TIMEOUT (pid:6518)
[2022-07-16 23:12:58 +0800] [5906] [WARNING] Worker with pid 6516 was terminated due to signal 9
[2022-07-16 23:12:58 +0800] [5906] [WARNING] Worker with pid 6513 was terminated due to signal 9
[2022-07-16 23:12:58 +0800] [5906] [WARNING] Worker with pid 6512 was terminated due to signal 9
[2022-07-16 23:12:58 +0800] [5906] [WARNING] Worker with pid 6505 was terminated due to signal 9
[2022-07-16 23:12:58 +0800] [5906] [WARNING] Worker with pid 6504 was terminated due to signal 9
[2022-07-16 23:12:58 +0800] [5906] [WARNING] Worker with pid 6502 was terminated due to signal 9
[2022-07-16 23:12:58 +0800] [5906] [WARNING] Worker with pid 6501 was terminated due to signal 9
[2022-07-16 23:12:58 +0800] [5906] [WARNING] Worker with pid 6500 was terminated due to signal 9
[2022-07-16 23:12:58 +0800] [5906] [WARNING] Worker with pid 6499 was terminated due to signal 9
[2022-07-16 23:12:58 +0800] [5906] [WARNING] Worker with pid 6489 was terminated due to signal 9
[2022-07-16 23:12:58 +0800] [5906] [WARNING] Worker with pid 6482 was terminated due to signal 9
[2022-07-16 23:12:58 +0800] [5906] [WARNING] Worker with pid 6514 was terminated due to signal 9
[2022-07-16 23:12:58 +0800] [5906] [WARNING] Worker with pid 6515 was terminated due to signal 9
[2022-07-16 23:12:58 +0800] [5906] [WARNING] Worker with pid 6517 was terminated due to signal 9
[2022-07-16 23:12:58 +0800] [5906] [WARNING] Worker with pid 6518 was terminated due to signal 9
[2022-07-16 23:29:54 +0800] [5906] [CRITICAL] WORKER TIMEOUT (pid:6524)
[2022-07-16 23:29:54 +0800] [5906] [CRITICAL] WORKER TIMEOUT (pid:6525)
[2022-07-16 23:29:54 +0800] [5906] [CRITICAL] WORKER TIMEOUT (pid:6526)
[2022-07-16 23:29:54 +0800] [5906] [CRITICAL] WORKER TIMEOUT (pid:6527)
[2022-07-16 23:29:54 +0800] [5906] [WARNING] Worker with pid 6525 was terminated due to signal 9
[2022-07-16 23:29:54 +0800] [5906] [WARNING] Worker with pid 6524 was terminated due to signal 9
[2022-07-16 23:45:37 +0800] [5906] [CRITICAL] WORKER TIMEOUT (pid:6519)
[2022-07-16 23:45:37 +0800] [5906] [CRITICAL] WORKER TIMEOUT (pid:6528)
[2022-07-16 23:45:37 +0800] [5906] [CRITICAL] WORKER TIMEOUT (pid:6529)
[2022-07-16 23:45:37 +0800] [5906] [CRITICAL] WORKER TIMEOUT (pid:6530)
[2022-07-16 23:45:37 +0800] [5906] [CRITICAL] WORKER TIMEOUT (pid:6531)
[2022-07-16 23:45:37 +0800] [5906] [CRITICAL] WORKER TIMEOUT (pid:6532)
[2022-07-16 23:45:37 +0800] [5906] [CRITICAL] WORKER TIMEOUT (pid:6533)
[2022-07-16 23:45:37 +0800] [5906] [CRITICAL] WORKER TIMEOUT (pid:6534)
[2022-07-16 23:45:37 +0800] [5906] [CRITICAL] WORKER TIMEOUT (pid:6535)
[2022-07-16 23:45:37 +0800] [5906] [CRITICAL] WORKER TIMEOUT (pid:6544)
[2022-07-16 23:45:37 +0800] [5906] [WARNING] Worker with pid 6519 was terminated due to signal 9
[2022-07-16 23:45:37 +0800] [5906] [WARNING] Worker with pid 6529 was terminated due to signal 9
[2022-07-16 23:45:37 +0800] [5906] [WARNING] Worker with pid 6532 was terminated due to signal 9
[2022-07-16 23:45:37 +0800] [5906] [WARNING] Worker with pid 6534 was terminated due to signal 9
[2022-07-16 23:45:37 +0800] [5906] [WARNING] Worker with pid 6533 was terminated due to signal 9
[2022-07-16 23:45:37 +0800] [5906] [WARNING] Worker with pid 6530 was terminated due to signal 9
[2022-07-16 23:45:37 +0800] [5906] [WARNING] Worker with pid 6528 was terminated due to signal 9
[2022-07-16 23:45:37 +0800] [5906] [WARNING] Worker with pid 6535 was terminated due to signal 9
[2022-07-16 23:45:37 +0800] [5906] [WARNING] Worker with pid 6544 was terminated due to signal 9
[2022-07-17 00:01:47 +0800] [5906] [CRITICAL] WORKER TIMEOUT (pid:6523)
[2022-07-17 00:01:47 +0800] [5906] [CRITICAL] WORKER TIMEOUT (pid:6538)
[2022-07-17 00:01:47 +0800] [5906] [CRITICAL] WORKER TIMEOUT (pid:6555)
[2022-07-17 00:01:47 +0800] [5906] [WARNING] Worker with pid 6523 was terminated due to signal 9
[2022-07-17 00:01:47 +0800] [5906] [WARNING] Worker with pid 6538 was terminated due to signal 9
[2022-07-17 00:18:19 +0800] [5906] [CRITICAL] WORKER TIMEOUT (pid:6536)
[2022-07-17 00:18:19 +0800] [5906] [CRITICAL] WORKER TIMEOUT (pid:6537)
[2022-07-17 00:18:19 +0800] [5906] [CRITICAL] WORKER TIMEOUT (pid:6542)
[2022-07-17 00:18:19 +0800] [5906] [CRITICAL] WORKER TIMEOUT (pid:6543)
[2022-07-17 00:18:19 +0800] [5906] [CRITICAL] WORKER TIMEOUT (pid:6547)
[2022-07-17 00:18:19 +0800] [5906] [CRITICAL] WORKER TIMEOUT (pid:6548)
[2022-07-17 00:18:19 +0800] [5906] [CRITICAL] WORKER TIMEOUT (pid:6549)
[2022-07-17 00:18:19 +0800] [5906] [CRITICAL] WORKER TIMEOUT (pid:6550)
[2022-07-17 00:18:19 +0800] [5906] [CRITICAL] WORKER TIMEOUT (pid:6551)
[2022-07-17 00:18:19 +0800] [5906] [CRITICAL] WORKER TIMEOUT (pid:6552)
[2022-07-17 00:18:19 +0800] [5906] [CRITICAL] WORKER TIMEOUT (pid:6553)
[2022-07-17 00:18:19 +0800] [5906] [CRITICAL] WORKER TIMEOUT (pid:6554)
[2022-07-17 00:18:19 +0800] [5906] [CRITICAL] WORKER TIMEOUT (pid:6556)
[2022-07-17 00:18:19 +0800] [5906] [WARNING] Worker with pid 6554 was terminated due to signal 9
[2022-07-17 00:18:19 +0800] [5906] [WARNING] Worker with pid 6537 was terminated due to signal 9
[2022-07-17 00:18:19 +0800] [5906] [WARNING] Worker with pid 6542 was terminated due to signal 9
[2022-07-17 00:18:19 +0800] [5906] [WARNING] Worker with pid 6550 was terminated due to signal 9
[2022-07-17 00:18:19 +0800] [5906] [WARNING] Worker with pid 6556 was terminated due to signal 9
[2022-07-17 00:34:44 +0800] [5906] [CRITICAL] WORKER TIMEOUT (pid:6573)
[2022-07-17 00:34:44 +0800] [5906] [CRITICAL] WORKER TIMEOUT (pid:6574)
[2022-07-17 00:34:44 +0800] [5906] [CRITICAL] WORKER TIMEOUT (pid:6575)
[2022-07-17 00:34:44 +0800] [5906] [CRITICAL] WORKER TIMEOUT (pid:6586)
[2022-07-17 00:34:44 +0800] [5906] [WARNING] Worker with pid 6574 was terminated due to signal 9
[2022-07-17 00:34:44 +0800] [5906] [WARNING] Worker with pid 6573 was terminated due to signal 9
[2022-07-17 00:34:44 +0800] [5906] [WARNING] Worker with pid 6575 was terminated due to signal 9
[2022-07-17 00:51:08 +0800] [5906] [CRITICAL] WORKER TIMEOUT (pid:6541)
[2022-07-17 00:51:08 +0800] [5906] [CRITICAL] WORKER TIMEOUT (pid:6559)
[2022-07-17 00:51:08 +0800] [5906] [CRITICAL] WORKER TIMEOUT (pid:6560)
[2022-07-17 00:51:08 +0800] [5906] [CRITICAL] WORKER TIMEOUT (pid:6561)
[2022-07-17 00:51:08 +0800] [5906] [CRITICAL] WORKER TIMEOUT (pid:6579)
[2022-07-17 00:51:08 +0800] [5906] [CRITICAL] WORKER TIMEOUT (pid:6580)
[2022-07-17 00:51:08 +0800] [5906] [CRITICAL] WORKER TIMEOUT (pid:6581)
[2022-07-17 00:51:08 +0800] [5906] [CRITICAL] WORKER TIMEOUT (pid:6582)
[2022-07-17 00:51:08 +0800] [5906] [CRITICAL] WORKER TIMEOUT (pid:6583)
[2022-07-17 00:51:08 +0800] [5906] [CRITICAL] WORKER TIMEOUT (pid:6584)
[2022-07-17 00:51:08 +0800] [5906] [CRITICAL] WORKER TIMEOUT (pid:6585)
[2022-07-17 00:51:08 +0800] [5906] [CRITICAL] WORKER TIMEOUT (pid:6595)
[2022-07-17 00:51:08 +0800] [5906] [CRITICAL] WORKER TIMEOUT (pid:6596)
[2022-07-17 00:51:08 +0800] [5906] [CRITICAL] WORKER TIMEOUT (pid:6598)
[2022-07-17 00:51:08 +0800] [5906] [CRITICAL] WORKER TIMEOUT (pid:6599)
[2022-07-17 00:51:08 +0800] [5906] [WARNING] Worker with pid 6598 was terminated due to signal 9
[2022-07-17 00:51:08 +0800] [5906] [WARNING] Worker with pid 6582 was terminated due to signal 9
[2022-07-17 00:51:08 +0800] [5906] [WARNING] Worker with pid 6580 was terminated due to signal 9
[2022-07-17 00:51:08 +0800] [5906] [WARNING] Worker with pid 6579 was terminated due to signal 9
[2022-07-17 00:51:08 +0800] [5906] [WARNING] Worker with pid 6561 was terminated due to signal 9
[2022-07-17 00:51:08 +0800] [5906] [WARNING] Worker with pid 6560 was terminated due to signal 9
[2022-07-17 00:51:08 +0800] [5906] [WARNING] Worker with pid 6559 was terminated due to signal 9
[2022-07-17 00:51:08 +0800] [5906] [WARNING] Worker with pid 6541 was terminated due to signal 9
[2022-07-17 00:51:08 +0800] [5906] [WARNING] Worker with pid 6584 was terminated due to signal 9
[2022-07-17 00:51:08 +0800] [5906] [WARNING] Worker with pid 6581 was terminated due to signal 9
[2022-07-17 00:51:08 +0800] [5906] [WARNING] Worker with pid 6583 was terminated due to signal 9
[2022-07-17 00:51:08 +0800] [5906] [WARNING] Worker with pid 6585 was terminated due to signal 9
[2022-07-17 00:51:08 +0800] [5906] [WARNING] Worker with pid 6595 was terminated due to signal 9
[2022-07-17 00:51:08 +0800] [5906] [WARNING] Worker with pid 6596 was terminated due to signal 9
[2022-07-17 01:06:36 +0800] [5906] [CRITICAL] WORKER TIMEOUT (pid:6576)
[2022-07-17 01:06:36 +0800] [5906] [CRITICAL] WORKER TIMEOUT (pid:6578)
[2022-07-17 01:06:36 +0800] [5906] [CRITICAL] WORKER TIMEOUT (pid:6601)
[2022-07-17 01:06:36 +0800] [5906] [CRITICAL] WORKER TIMEOUT (pid:6602)
[2022-07-17 01:06:36 +0800] [5906] [CRITICAL] WORKER TIMEOUT (pid:6603)
[2022-07-17 01:06:36 +0800] [5906] [CRITICAL] WORKER TIMEOUT (pid:6604)
[2022-07-17 01:06:36 +0800] [5906] [CRITICAL] WORKER TIMEOUT (pid:6605)
[2022-07-17 01:06:36 +0800] [5906] [CRITICAL] WORKER TIMEOUT (pid:6606)
[2022-07-17 01:06:36 +0800] [5906] [CRITICAL] WORKER TIMEOUT (pid:6607)
[2022-07-17 01:06:36 +0800] [5906] [CRITICAL] WORKER TIMEOUT (pid:6608)
[2022-07-17 01:06:36 +0800] [5906] [CRITICAL] WORKER TIMEOUT (pid:6609)
[2022-07-17 01:06:36 +0800] [5906] [CRITICAL] WORKER TIMEOUT (pid:6610)
[2022-07-17 01:06:36 +0800] [5906] [CRITICAL] WORKER TIMEOUT (pid:6611)
[2022-07-17 01:06:36 +0800] [5906] [WARNING] Worker with pid 6611 was terminated due to signal 9
[2022-07-17 01:06:36 +0800] [5906] [WARNING] Worker with pid 6609 was terminated due to signal 9
[2022-07-17 01:06:36 +0800] [5906] [WARNING] Worker with pid 6607 was terminated due to signal 9
[2022-07-17 01:06:36 +0800] [5906] [WARNING] Worker with pid 6605 was terminated due to signal 9
[2022-07-17 01:06:36 +0800] [5906] [WARNING] Worker with pid 6604 was terminated due to signal 9
[2022-07-17 01:06:36 +0800] [5906] [WARNING] Worker with pid 6603 was terminated due to signal 9
[2022-07-17 01:06:36 +0800] [5906] [WARNING] Worker with pid 6602 was terminated due to signal 9
[2022-07-17 01:06:36 +0800] [5906] [WARNING] Worker with pid 6601 was terminated due to signal 9
[2022-07-17 01:06:36 +0800] [5906] [WARNING] Worker with pid 6578 was terminated due to signal 9
[2022-07-17 01:06:36 +0800] [5906] [WARNING] Worker with pid 6576 was terminated due to signal 9
[2022-07-17 01:06:36 +0800] [5906] [WARNING] Worker with pid 6608 was terminated due to signal 9
[2022-07-17 01:23:20 +0800] [5906] [CRITICAL] WORKER TIMEOUT (pid:6617)
[2022-07-17 01:23:20 +0800] [5906] [CRITICAL] WORKER TIMEOUT (pid:6618)
[2022-07-17 01:23:20 +0800] [5906] [CRITICAL] WORKER TIMEOUT (pid:6628)
[2022-07-17 01:23:20 +0800] [5906] [WARNING] Worker with pid 6617 was terminated due to signal 9
[2022-07-17 01:23:20 +0800] [5906] [WARNING] Worker with pid 6618 was terminated due to signal 9
[2022-07-17 01:56:54 +0800] [5906] [CRITICAL] WORKER TIMEOUT (pid:6612)
[2022-07-17 01:56:54 +0800] [5906] [CRITICAL] WORKER TIMEOUT (pid:6613)
[2022-07-17 01:56:54 +0800] [5906] [CRITICAL] WORKER TIMEOUT (pid:6614)
[2022-07-17 01:56:54 +0800] [5906] [CRITICAL] WORKER TIMEOUT (pid:6615)
[2022-07-17 01:56:54 +0800] [5906] [CRITICAL] WORKER TIMEOUT (pid:6619)
[2022-07-17 01:56:54 +0800] [5906] [CRITICAL] WORKER TIMEOUT (pid:6620)
[2022-07-17 01:56:54 +0800] [5906] [CRITICAL] WORKER TIMEOUT (pid:6621)
[2022-07-17 01:56:54 +0800] [5906] [CRITICAL] WORKER TIMEOUT (pid:6622)
[2022-07-17 01:56:54 +0800] [5906] [CRITICAL] WORKER TIMEOUT (pid:6623)
[2022-07-17 01:56:54 +0800] [5906] [CRITICAL] WORKER TIMEOUT (pid:6624)
[2022-07-17 01:56:54 +0800] [5906] [CRITICAL] WORKER TIMEOUT (pid:6625)
[2022-07-17 01:56:54 +0800] [5906] [CRITICAL] WORKER TIMEOUT (pid:6626)
[2022-07-17 01:56:54 +0800] [5906] [CRITICAL] WORKER TIMEOUT (pid:6627)
[2022-07-17 01:56:54 +0800] [5906] [CRITICAL] WORKER TIMEOUT (pid:6629)
[2022-07-17 01:56:54 +0800] [5906] [CRITICAL] WORKER TIMEOUT (pid:6630)
[2022-07-17 01:56:54 +0800] [5906] [CRITICAL] WORKER TIMEOUT (pid:6631)
[2022-07-17 01:56:54 +0800] [5906] [CRITICAL] WORKER TIMEOUT (pid:6632)
[2022-07-17 01:56:55 +0800] [5906] [WARNING] Worker with pid 6631 was terminated due to signal 9
[2022-07-17 01:56:55 +0800] [5906] [WARNING] Worker with pid 6615 was terminated due to signal 9
[2022-07-17 01:56:55 +0800] [5906] [WARNING] Worker with pid 6627 was terminated due to signal 9
[2022-07-17 01:56:55 +0800] [5906] [WARNING] Worker with pid 6612 was terminated due to signal 9
[2022-07-17 01:56:55 +0800] [5906] [WARNING] Worker with pid 6614 was terminated due to signal 9
[2022-07-17 01:56:55 +0800] [5906] [WARNING] Worker with pid 6622 was terminated due to signal 9
[2022-07-17 01:56:55 +0800] [5906] [WARNING] Worker with pid 6623 was terminated due to signal 9
[2022-07-17 01:56:55 +0800] [5906] [WARNING] Worker with pid 6629 was terminated due to signal 9
[2022-07-17 01:56:55 +0800] [5906] [WARNING] Worker with pid 6632 was terminated due to signal 9
[2022-07-17 01:56:55 +0800] [5906] [WARNING] Worker with pid 6626 was terminated due to signal 9
[2022-07-17 01:56:55 +0800] [5906] [WARNING] Worker with pid 6620 was terminated due to signal 9
[2022-07-17 01:56:55 +0800] [5906] [WARNING] Worker with pid 6619 was terminated due to signal 9
[2022-07-17 01:56:55 +0800] [5906] [WARNING] Worker with pid 6625 was terminated due to signal 9
[2022-07-17 01:56:55 +0800] [5906] [WARNING] Worker with pid 6621 was terminated due to signal 9
[2022-07-17 01:56:55 +0800] [5906] [WARNING] Worker with pid 6630 was terminated due to signal 9
[2022-07-17 01:56:55 +0800] [5906] [WARNING] Worker with pid 6613 was terminated due to signal 9
[2022-07-17 02:13:30 +0800] [5906] [CRITICAL] WORKER TIMEOUT (pid:6636)
[2022-07-17 02:13:30 +0800] [5906] [CRITICAL] WORKER TIMEOUT (pid:6637)
[2022-07-17 02:13:30 +0800] [5906] [CRITICAL] WORKER TIMEOUT (pid:6638)
[2022-07-17 02:13:30 +0800] [5906] [CRITICAL] WORKER TIMEOUT (pid:6639)
[2022-07-17 02:13:30 +0800] [5906] [CRITICAL] WORKER TIMEOUT (pid:6640)
[2022-07-17 02:13:30 +0800] [5906] [WARNING] Worker with pid 6640 was terminated due to signal 9
[2022-07-17 02:13:30 +0800] [5906] [WARNING] Worker with pid 6639 was terminated due to signal 9
[2022-07-17 02:30:48 +0800] [5906] [CRITICAL] WORKER TIMEOUT (pid:6645)
[2022-07-17 02:30:48 +0800] [5906] [CRITICAL] WORKER TIMEOUT (pid:6648)
[2022-07-17 02:30:48 +0800] [5906] [CRITICAL] WORKER TIMEOUT (pid:6649)
[2022-07-17 02:30:48 +0800] [5906] [CRITICAL] WORKER TIMEOUT (pid:6650)
[2022-07-17 02:30:48 +0800] [5906] [CRITICAL] WORKER TIMEOUT (pid:6652)
[2022-07-17 02:30:48 +0800] [5906] [CRITICAL] WORKER TIMEOUT (pid:6653)
[2022-07-17 02:30:48 +0800] [5906] [CRITICAL] WORKER TIMEOUT (pid:6654)
[2022-07-17 02:30:48 +0800] [5906] [CRITICAL] WORKER TIMEOUT (pid:6655)
[2022-07-17 02:30:48 +0800] [5906] [CRITICAL] WORKER TIMEOUT (pid:6656)
[2022-07-17 02:30:48 +0800] [5906] [CRITICAL] WORKER TIMEOUT (pid:6657)
[2022-07-17 02:30:48 +0800] [5906] [CRITICAL] WORKER TIMEOUT (pid:6658)
[2022-07-17 02:30:48 +0800] [5906] [CRITICAL] WORKER TIMEOUT (pid:6659)
[2022-07-17 02:30:48 +0800] [5906] [CRITICAL] WORKER TIMEOUT (pid:6660)
[2022-07-17 02:30:49 +0800] [5906] [WARNING] Worker with pid 6659 was terminated due to signal 9
[2022-07-17 02:30:49 +0800] [5906] [WARNING] Worker with pid 6658 was terminated due to signal 9
[2022-07-17 02:30:49 +0800] [5906] [WARNING] Worker with pid 6657 was terminated due to signal 9
[2022-07-17 02:30:49 +0800] [5906] [WARNING] Worker with pid 6656 was terminated due to signal 9
[2022-07-17 02:30:49 +0800] [5906] [WARNING] Worker with pid 6655 was terminated due to signal 9
[2022-07-17 02:30:49 +0800] [5906] [WARNING] Worker with pid 6653 was terminated due to signal 9
[2022-07-17 02:30:49 +0800] [5906] [WARNING] Worker with pid 6650 was terminated due to signal 9
[2022-07-17 02:30:49 +0800] [5906] [WARNING] Worker with pid 6649 was terminated due to signal 9
[2022-07-17 02:30:49 +0800] [5906] [WARNING] Worker with pid 6648 was terminated due to signal 9
[2022-07-17 02:30:49 +0800] [5906] [WARNING] Worker with pid 6660 was terminated due to signal 9
[2022-07-17 02:47:13 +0800] [5906] [CRITICAL] WORKER TIMEOUT (pid:6641)
[2022-07-17 02:47:13 +0800] [5906] [CRITICAL] WORKER TIMEOUT (pid:6643)
[2022-07-17 02:47:13 +0800] [5906] [CRITICAL] WORKER TIMEOUT (pid:6661)
[2022-07-17 02:47:13 +0800] [5906] [CRITICAL] WORKER TIMEOUT (pid:6662)
[2022-07-17 02:47:13 +0800] [5906] [CRITICAL] WORKER TIMEOUT (pid:6668)
[2022-07-17 02:47:13 +0800] [5906] [CRITICAL] WORKER TIMEOUT (pid:6669)
[2022-07-17 02:47:13 +0800] [5906] [CRITICAL] WORKER TIMEOUT (pid:6670)
[2022-07-17 02:47:13 +0800] [5906] [CRITICAL] WORKER TIMEOUT (pid:6671)
[2022-07-17 02:47:13 +0800] [5906] [CRITICAL] WORKER TIMEOUT (pid:6672)
[2022-07-17 02:47:13 +0800] [5906] [CRITICAL] WORKER TIMEOUT (pid:6673)
[2022-07-17 02:47:13 +0800] [5906] [CRITICAL] WORKER TIMEOUT (pid:6674)
[2022-07-17 02:47:13 +0800] [5906] [CRITICAL] WORKER TIMEOUT (pid:6675)
[2022-07-17 02:47:13 +0800] [5906] [CRITICAL] WORKER TIMEOUT (pid:6676)
[2022-07-17 02:47:13 +0800] [5906] [CRITICAL] WORKER TIMEOUT (pid:6677)
[2022-07-17 02:47:14 +0800] [5906] [WARNING] Worker with pid 6671 was terminated due to signal 9
[2022-07-17 03:04:28 +0800] [5906] [CRITICAL] WORKER TIMEOUT (pid:6666)
[2022-07-17 03:04:28 +0800] [5906] [CRITICAL] WORKER TIMEOUT (pid:6667)
[2022-07-17 03:04:28 +0800] [5906] [CRITICAL] WORKER TIMEOUT (pid:6678)
[2022-07-17 03:04:28 +0800] [5906] [CRITICAL] WORKER TIMEOUT (pid:6680)
[2022-07-17 03:04:28 +0800] [5906] [CRITICAL] WORKER TIMEOUT (pid:6681)
[2022-07-17 03:04:28 +0800] [5906] [CRITICAL] WORKER TIMEOUT (pid:6682)
[2022-07-17 03:04:28 +0800] [5906] [CRITICAL] WORKER TIMEOUT (pid:6683)
[2022-07-17 03:04:28 +0800] [5906] [CRITICAL] WORKER TIMEOUT (pid:6684)
[2022-07-17 03:04:28 +0800] [5906] [CRITICAL] WORKER TIMEOUT (pid:6685)
[2022-07-17 03:04:28 +0800] [5906] [CRITICAL] WORKER TIMEOUT (pid:6686)
[2022-07-17 03:04:28 +0800] [5906] [CRITICAL] WORKER TIMEOUT (pid:6687)
[2022-07-17 03:04:28 +0800] [5906] [CRITICAL] WORKER TIMEOUT (pid:6688)
[2022-07-17 03:04:28 +0800] [5906] [CRITICAL] WORKER TIMEOUT (pid:6689)
[2022-07-17 03:04:28 +0800] [5906] [CRITICAL] WORKER TIMEOUT (pid:6690)
[2022-07-17 03:04:28 +0800] [5906] [CRITICAL] WORKER TIMEOUT (pid:6691)
[2022-07-17 03:04:29 +0800] [5906] [WARNING] Worker with pid 6689 was terminated due to signal 9
[2022-07-17 03:04:29 +0800] [5906] [WARNING] Worker with pid 6688 was terminated due to signal 9
[2022-07-17 03:04:29 +0800] [5906] [WARNING] Worker with pid 6687 was terminated due to signal 9
[2022-07-17 03:04:29 +0800] [5906] [WARNING] Worker with pid 6686 was terminated due to signal 9
[2022-07-17 03:04:29 +0800] [5906] [WARNING] Worker with pid 6685 was terminated due to signal 9
[2022-07-17 03:04:29 +0800] [5906] [WARNING] Worker with pid 6684 was terminated due to signal 9
[2022-07-17 03:04:29 +0800] [5906] [WARNING] Worker with pid 6683 was terminated due to signal 9
[2022-07-17 03:04:29 +0800] [5906] [WARNING] Worker with pid 6682 was terminated due to signal 9
[2022-07-17 03:04:29 +0800] [5906] [WARNING] Worker with pid 6681 was terminated due to signal 9
[2022-07-17 03:04:29 +0800] [5906] [WARNING] Worker with pid 6680 was terminated due to signal 9
[2022-07-17 03:04:29 +0800] [5906] [WARNING] Worker with pid 6678 was terminated due to signal 9
[2022-07-17 03:04:29 +0800] [5906] [WARNING] Worker with pid 6667 was terminated due to signal 9
[2022-07-17 03:04:29 +0800] [5906] [WARNING] Worker with pid 6666 was terminated due to signal 9
[2022-07-17 03:04:29 +0800] [5906] [WARNING] Worker with pid 6691 was terminated due to signal 9
[2022-07-17 03:21:11 +0800] [5906] [CRITICAL] WORKER TIMEOUT (pid:6692)
[2022-07-17 03:21:11 +0800] [5906] [CRITICAL] WORKER TIMEOUT (pid:6693)
[2022-07-17 03:21:11 +0800] [5906] [CRITICAL] WORKER TIMEOUT (pid:6694)
[2022-07-17 03:21:11 +0800] [5906] [CRITICAL] WORKER TIMEOUT (pid:6695)
[2022-07-17 03:21:11 +0800] [5906] [CRITICAL] WORKER TIMEOUT (pid:6696)
[2022-07-17 03:21:11 +0800] [5906] [CRITICAL] WORKER TIMEOUT (pid:6697)
[2022-07-17 03:21:11 +0800] [5906] [CRITICAL] WORKER TIMEOUT (pid:6699)
[2022-07-17 03:21:11 +0800] [5906] [CRITICAL] WORKER TIMEOUT (pid:6700)
[2022-07-17 03:21:11 +0800] [5906] [CRITICAL] WORKER TIMEOUT (pid:6701)
[2022-07-17 03:21:11 +0800] [5906] [CRITICAL] WORKER TIMEOUT (pid:6702)
[2022-07-17 03:21:11 +0800] [5906] [CRITICAL] WORKER TIMEOUT (pid:6703)
[2022-07-17 03:21:11 +0800] [5906] [CRITICAL] WORKER TIMEOUT (pid:6709)
[2022-07-17 03:21:11 +0800] [5906] [WARNING] Worker with pid 6702 was terminated due to signal 9
[2022-07-17 03:21:11 +0800] [5906] [WARNING] Worker with pid 6701 was terminated due to signal 9
[2022-07-17 03:21:11 +0800] [5906] [WARNING] Worker with pid 6697 was terminated due to signal 9
[2022-07-17 03:21:11 +0800] [5906] [WARNING] Worker with pid 6695 was terminated due to signal 9
[2022-07-17 03:21:11 +0800] [5906] [WARNING] Worker with pid 6694 was terminated due to signal 9
[2022-07-17 03:21:11 +0800] [5906] [WARNING] Worker with pid 6693 was terminated due to signal 9
[2022-07-17 03:21:11 +0800] [5906] [WARNING] Worker with pid 6692 was terminated due to signal 9
[2022-07-17 03:21:11 +0800] [5906] [WARNING] Worker with pid 6699 was terminated due to signal 9
[2022-07-17 03:21:11 +0800] [5906] [WARNING] Worker with pid 6700 was terminated due to signal 9
[2022-07-17 03:21:11 +0800] [5906] [WARNING] Worker with pid 6696 was terminated due to signal 9
[2022-07-17 03:36:35 +0800] [5906] [CRITICAL] WORKER TIMEOUT (pid:6708)
[2022-07-17 03:36:35 +0800] [5906] [CRITICAL] WORKER TIMEOUT (pid:6712)
[2022-07-17 03:36:35 +0800] [5906] [CRITICAL] WORKER TIMEOUT (pid:6713)
[2022-07-17 03:36:35 +0800] [5906] [CRITICAL] WORKER TIMEOUT (pid:6714)
[2022-07-17 03:36:35 +0800] [5906] [CRITICAL] WORKER TIMEOUT (pid:6715)
[2022-07-17 03:36:35 +0800] [5906] [CRITICAL] WORKER TIMEOUT (pid:6716)
[2022-07-17 03:36:35 +0800] [5906] [CRITICAL] WORKER TIMEOUT (pid:6717)
[2022-07-17 03:36:35 +0800] [5906] [CRITICAL] WORKER TIMEOUT (pid:6723)
[2022-07-17 03:36:35 +0800] [5906] [WARNING] Worker with pid 6715 was terminated due to signal 9
[2022-07-17 03:36:35 +0800] [5906] [WARNING] Worker with pid 6714 was terminated due to signal 9
[2022-07-17 03:36:35 +0800] [5906] [WARNING] Worker with pid 6712 was terminated due to signal 9
[2022-07-17 03:36:35 +0800] [5906] [WARNING] Worker with pid 6716 was terminated due to signal 9
[2022-07-17 03:51:40 +0800] [5906] [CRITICAL] WORKER TIMEOUT (pid:6704)
[2022-07-17 03:51:40 +0800] [5906] [CRITICAL] WORKER TIMEOUT (pid:6705)
[2022-07-17 03:51:40 +0800] [5906] [CRITICAL] WORKER TIMEOUT (pid:6706)
[2022-07-17 03:51:40 +0800] [5906] [CRITICAL] WORKER TIMEOUT (pid:6707)
[2022-07-17 03:51:40 +0800] [5906] [CRITICAL] WORKER TIMEOUT (pid:6718)
[2022-07-17 03:51:40 +0800] [5906] [CRITICAL] WORKER TIMEOUT (pid:6719)
[2022-07-17 03:51:40 +0800] [5906] [CRITICAL] WORKER TIMEOUT (pid:6720)
[2022-07-17 03:51:40 +0800] [5906] [CRITICAL] WORKER TIMEOUT (pid:6721)
[2022-07-17 03:51:40 +0800] [5906] [CRITICAL] WORKER TIMEOUT (pid:6722)
[2022-07-17 03:51:40 +0800] [5906] [CRITICAL] WORKER TIMEOUT (pid:6726)
[2022-07-17 03:51:40 +0800] [5906] [CRITICAL] WORKER TIMEOUT (pid:6727)
[2022-07-17 03:51:40 +0800] [5906] [CRITICAL] WORKER TIMEOUT (pid:6731)
[2022-07-17 03:51:40 +0800] [5906] [CRITICAL] WORKER TIMEOUT (pid:6734)
[2022-07-17 03:51:40 +0800] [5906] [CRITICAL] WORKER TIMEOUT (pid:6735)
[2022-07-17 03:51:41 +0800] [5906] [WARNING] Worker with pid 6735 was terminated due to signal 9
[2022-07-17 03:51:41 +0800] [5906] [WARNING] Worker with pid 6734 was terminated due to signal 9
[2022-07-17 03:51:41 +0800] [5906] [WARNING] Worker with pid 6731 was terminated due to signal 9
[2022-07-17 03:51:41 +0800] [5906] [WARNING] Worker with pid 6727 was terminated due to signal 9
[2022-07-17 03:51:41 +0800] [5906] [WARNING] Worker with pid 6726 was terminated due to signal 9
[2022-07-17 03:51:41 +0800] [5906] [WARNING] Worker with pid 6722 was terminated due to signal 9
[2022-07-17 03:51:41 +0800] [5906] [WARNING] Worker with pid 6719 was terminated due to signal 9
[2022-07-17 03:51:41 +0800] [5906] [WARNING] Worker with pid 6718 was terminated due to signal 9
[2022-07-17 03:51:41 +0800] [5906] [WARNING] Worker with pid 6707 was terminated due to signal 9
[2022-07-17 03:51:41 +0800] [5906] [WARNING] Worker with pid 6706 was terminated due to signal 9
[2022-07-17 03:51:41 +0800] [5906] [WARNING] Worker with pid 6705 was terminated due to signal 9
[2022-07-17 03:51:41 +0800] [5906] [WARNING] Worker with pid 6704 was terminated due to signal 9
[2022-07-17 04:08:08 +0800] [5906] [CRITICAL] WORKER TIMEOUT (pid:6765)
[2022-07-17 04:08:08 +0800] [5906] [CRITICAL] WORKER TIMEOUT (pid:6766)
[2022-07-17 04:08:08 +0800] [5906] [CRITICAL] WORKER TIMEOUT (pid:6767)
[2022-07-17 04:08:08 +0800] [5906] [CRITICAL] WORKER TIMEOUT (pid:6768)
[2022-07-17 04:08:08 +0800] [5906] [CRITICAL] WORKER TIMEOUT (pid:6769)
[2022-07-17 04:08:08 +0800] [5906] [CRITICAL] WORKER TIMEOUT (pid:6771)
[2022-07-17 04:08:08 +0800] [5906] [CRITICAL] WORKER TIMEOUT (pid:6772)
[2022-07-17 04:08:08 +0800] [5906] [CRITICAL] WORKER TIMEOUT (pid:6773)
[2022-07-17 04:08:08 +0800] [5906] [CRITICAL] WORKER TIMEOUT (pid:6774)
[2022-07-17 04:08:09 +0800] [5906] [WARNING] Worker with pid 6772 was terminated due to signal 9
[2022-07-17 04:08:09 +0800] [5906] [WARNING] Worker with pid 6769 was terminated due to signal 9
[2022-07-17 04:08:09 +0800] [5906] [WARNING] Worker with pid 6768 was terminated due to signal 9
[2022-07-17 04:08:09 +0800] [5906] [WARNING] Worker with pid 6767 was terminated due to signal 9
[2022-07-17 04:08:09 +0800] [5906] [WARNING] Worker with pid 6766 was terminated due to signal 9
[2022-07-17 04:08:09 +0800] [5906] [WARNING] Worker with pid 6765 was terminated due to signal 9
[2022-07-17 04:08:09 +0800] [5906] [WARNING] Worker with pid 6773 was terminated due to signal 9
[2022-07-17 04:08:09 +0800] [5906] [WARNING] Worker with pid 6774 was terminated due to signal 9
[2022-07-17 04:24:12 +0800] [5906] [CRITICAL] WORKER TIMEOUT (pid:6764)
[2022-07-17 04:24:12 +0800] [5906] [CRITICAL] WORKER TIMEOUT (pid:6778)
[2022-07-17 04:24:12 +0800] [5906] [CRITICAL] WORKER TIMEOUT (pid:6779)
[2022-07-17 04:24:12 +0800] [5906] [WARNING] Worker with pid 6764 was terminated due to signal 9
[2022-07-17 04:41:33 +0800] [5906] [CRITICAL] WORKER TIMEOUT (pid:6782)
[2022-07-17 04:41:33 +0800] [5906] [CRITICAL] WORKER TIMEOUT (pid:6783)
[2022-07-17 04:41:33 +0800] [5906] [WARNING] Worker with pid 6782 was terminated due to signal 9
[2022-07-17 04:59:07 +0800] [5906] [CRITICAL] WORKER TIMEOUT (pid:6786)
[2022-07-17 04:59:07 +0800] [5906] [CRITICAL] WORKER TIMEOUT (pid:6787)
[2022-07-17 04:59:07 +0800] [5906] [CRITICAL] WORKER TIMEOUT (pid:6788)
[2022-07-17 04:59:07 +0800] [5906] [CRITICAL] WORKER TIMEOUT (pid:6791)
[2022-07-17 04:59:07 +0800] [5906] [CRITICAL] WORKER TIMEOUT (pid:6792)
[2022-07-17 04:59:07 +0800] [5906] [CRITICAL] WORKER TIMEOUT (pid:6793)
[2022-07-17 04:59:07 +0800] [5906] [CRITICAL] WORKER TIMEOUT (pid:6808)
[2022-07-17 04:59:07 +0800] [5906] [CRITICAL] WORKER TIMEOUT (pid:6809)
[2022-07-17 04:59:07 +0800] [5906] [WARNING] Worker with pid 6792 was terminated due to signal 9
[2022-07-17 04:59:07 +0800] [5906] [WARNING] Worker with pid 6791 was terminated due to signal 9
[2022-07-17 04:59:07 +0800] [5906] [WARNING] Worker with pid 6787 was terminated due to signal 9
[2022-07-17 04:59:07 +0800] [5906] [WARNING] Worker with pid 6786 was terminated due to signal 9
[2022-07-17 04:59:07 +0800] [5906] [WARNING] Worker with pid 6809 was terminated due to signal 9
[2022-07-17 04:59:07 +0800] [5906] [WARNING] Worker with pid 6793 was terminated due to signal 9
[2022-07-17 05:15:57 +0800] [5906] [CRITICAL] WORKER TIMEOUT (pid:6815)
[2022-07-17 05:15:57 +0800] [5906] [CRITICAL] WORKER TIMEOUT (pid:6816)
[2022-07-17 05:15:57 +0800] [5906] [CRITICAL] WORKER TIMEOUT (pid:6817)
[2022-07-17 05:15:57 +0800] [5906] [CRITICAL] WORKER TIMEOUT (pid:6818)
[2022-07-17 05:15:57 +0800] [5906] [CRITICAL] WORKER TIMEOUT (pid:6819)
[2022-07-17 05:15:58 +0800] [5906] [WARNING] Worker with pid 6819 was terminated due to signal 9
[2022-07-17 05:15:58 +0800] [5906] [WARNING] Worker with pid 6818 was terminated due to signal 9
[2022-07-17 05:15:58 +0800] [5906] [WARNING] Worker with pid 6817 was terminated due to signal 9
[2022-07-17 05:31:08 +0800] [5906] [CRITICAL] WORKER TIMEOUT (pid:6750)
[2022-07-17 05:31:08 +0800] [5906] [CRITICAL] WORKER TIMEOUT (pid:6761)
[2022-07-17 05:31:08 +0800] [5906] [CRITICAL] WORKER TIMEOUT (pid:6775)
[2022-07-17 05:31:08 +0800] [5906] [CRITICAL] WORKER TIMEOUT (pid:6776)
[2022-07-17 05:31:08 +0800] [5906] [CRITICAL] WORKER TIMEOUT (pid:6777)
[2022-07-17 05:31:08 +0800] [5906] [CRITICAL] WORKER TIMEOUT (pid:6794)
[2022-07-17 05:31:08 +0800] [5906] [CRITICAL] WORKER TIMEOUT (pid:6820)
[2022-07-17 05:31:08 +0800] [5906] [CRITICAL] WORKER TIMEOUT (pid:6821)
[2022-07-17 05:31:08 +0800] [5906] [CRITICAL] WORKER TIMEOUT (pid:6822)
[2022-07-17 05:31:09 +0800] [5906] [WARNING] Worker with pid 6820 was terminated due to signal 9
[2022-07-17 05:31:09 +0800] [5906] [WARNING] Worker with pid 6794 was terminated due to signal 9
[2022-07-17 05:31:09 +0800] [5906] [WARNING] Worker with pid 6777 was terminated due to signal 9
[2022-07-17 05:31:09 +0800] [5906] [WARNING] Worker with pid 6776 was terminated due to signal 9
[2022-07-17 05:31:09 +0800] [5906] [WARNING] Worker with pid 6775 was terminated due to signal 9
[2022-07-17 05:31:09 +0800] [5906] [WARNING] Worker with pid 6750 was terminated due to signal 9
[2022-07-17 05:31:09 +0800] [5906] [WARNING] Worker with pid 6821 was terminated due to signal 9
[2022-07-17 05:48:12 +0800] [5906] [CRITICAL] WORKER TIMEOUT (pid:6803)
[2022-07-17 05:48:12 +0800] [5906] [CRITICAL] WORKER TIMEOUT (pid:6805)
[2022-07-17 05:48:12 +0800] [5906] [CRITICAL] WORKER TIMEOUT (pid:6828)
[2022-07-17 05:48:12 +0800] [5906] [CRITICAL] WORKER TIMEOUT (pid:6831)
[2022-07-17 05:48:12 +0800] [5906] [CRITICAL] WORKER TIMEOUT (pid:6832)
[2022-07-17 05:48:12 +0800] [5906] [CRITICAL] WORKER TIMEOUT (pid:6833)
[2022-07-17 05:48:12 +0800] [5906] [CRITICAL] WORKER TIMEOUT (pid:6834)
[2022-07-17 05:48:12 +0800] [5906] [CRITICAL] WORKER TIMEOUT (pid:6835)
[2022-07-17 05:48:12 +0800] [5906] [CRITICAL] WORKER TIMEOUT (pid:6836)
[2022-07-17 05:48:12 +0800] [5906] [CRITICAL] WORKER TIMEOUT (pid:6837)
[2022-07-17 05:48:12 +0800] [5906] [CRITICAL] WORKER TIMEOUT (pid:6838)
[2022-07-17 05:48:12 +0800] [5906] [CRITICAL] WORKER TIMEOUT (pid:6839)
[2022-07-17 05:48:12 +0800] [5906] [WARNING] Worker with pid 6832 was terminated due to signal 9
[2022-07-17 05:48:12 +0800] [5906] [WARNING] Worker with pid 6831 was terminated due to signal 9
[2022-07-17 05:48:12 +0800] [5906] [WARNING] Worker with pid 6805 was terminated due to signal 9
[2022-07-17 05:48:12 +0800] [5906] [WARNING] Worker with pid 6803 was terminated due to signal 9
[2022-07-17 06:03:39 +0800] [5906] [CRITICAL] WORKER TIMEOUT (pid:6840)
[2022-07-17 06:03:39 +0800] [5906] [CRITICAL] WORKER TIMEOUT (pid:6841)
[2022-07-17 06:03:39 +0800] [5906] [CRITICAL] WORKER TIMEOUT (pid:6842)
[2022-07-17 06:03:39 +0800] [5906] [CRITICAL] WORKER TIMEOUT (pid:6843)
[2022-07-17 06:03:39 +0800] [5906] [CRITICAL] WORKER TIMEOUT (pid:6844)
[2022-07-17 06:03:39 +0800] [5906] [CRITICAL] WORKER TIMEOUT (pid:6845)
[2022-07-17 06:03:39 +0800] [5906] [CRITICAL] WORKER TIMEOUT (pid:6851)
[2022-07-17 06:03:39 +0800] [5906] [WARNING] Worker with pid 6843 was terminated due to signal 9
[2022-07-17 06:03:39 +0800] [5906] [WARNING] Worker with pid 6840 was terminated due to signal 9
[2022-07-17 06:03:39 +0800] [5906] [WARNING] Worker with pid 6841 was terminated due to signal 9
[2022-07-17 06:03:39 +0800] [5906] [WARNING] Worker with pid 6842 was terminated due to signal 9
[2022-07-17 06:03:39 +0800] [5906] [WARNING] Worker with pid 6844 was terminated due to signal 9
[2022-07-17 06:20:28 +0800] [5906] [CRITICAL] WORKER TIMEOUT (pid:6804)
[2022-07-17 06:20:28 +0800] [5906] [CRITICAL] WORKER TIMEOUT (pid:6823)
[2022-07-17 06:20:28 +0800] [5906] [CRITICAL] WORKER TIMEOUT (pid:6824)
[2022-07-17 06:20:28 +0800] [5906] [CRITICAL] WORKER TIMEOUT (pid:6825)
[2022-07-17 06:20:28 +0800] [5906] [CRITICAL] WORKER TIMEOUT (pid:6827)
[2022-07-17 06:20:28 +0800] [5906] [CRITICAL] WORKER TIMEOUT (pid:6847)
[2022-07-17 06:20:28 +0800] [5906] [CRITICAL] WORKER TIMEOUT (pid:6848)
[2022-07-17 06:20:28 +0800] [5906] [WARNING] Worker with pid 6825 was terminated due to signal 9
[2022-07-17 06:20:28 +0800] [5906] [WARNING] Worker with pid 6823 was terminated due to signal 9
[2022-07-17 06:20:28 +0800] [5906] [WARNING] Worker with pid 6824 was terminated due to signal 9
[2022-07-17 06:36:29 +0800] [5906] [CRITICAL] WORKER TIMEOUT (pid:6846)
[2022-07-17 06:36:29 +0800] [5906] [CRITICAL] WORKER TIMEOUT (pid:6849)
[2022-07-17 06:36:29 +0800] [5906] [CRITICAL] WORKER TIMEOUT (pid:6850)
[2022-07-17 06:36:29 +0800] [5906] [CRITICAL] WORKER TIMEOUT (pid:6852)
[2022-07-17 06:36:29 +0800] [5906] [CRITICAL] WORKER TIMEOUT (pid:6853)
[2022-07-17 06:36:29 +0800] [5906] [CRITICAL] WORKER TIMEOUT (pid:6854)
[2022-07-17 06:36:29 +0800] [5906] [CRITICAL] WORKER TIMEOUT (pid:6855)
[2022-07-17 06:36:29 +0800] [5906] [CRITICAL] WORKER TIMEOUT (pid:6856)
[2022-07-17 06:36:29 +0800] [5906] [CRITICAL] WORKER TIMEOUT (pid:6857)
[2022-07-17 06:36:29 +0800] [5906] [CRITICAL] WORKER TIMEOUT (pid:6858)
[2022-07-17 06:36:29 +0800] [5906] [CRITICAL] WORKER TIMEOUT (pid:6860)
[2022-07-17 06:36:29 +0800] [5906] [CRITICAL] WORKER TIMEOUT (pid:6861)
[2022-07-17 06:36:29 +0800] [5906] [CRITICAL] WORKER TIMEOUT (pid:6862)
[2022-07-17 06:36:29 +0800] [5906] [CRITICAL] WORKER TIMEOUT (pid:6863)
[2022-07-17 06:36:29 +0800] [5906] [CRITICAL] WORKER TIMEOUT (pid:6864)
[2022-07-17 06:36:29 +0800] [5906] [WARNING] Worker with pid 6861 was terminated due to signal 9
[2022-07-17 06:36:29 +0800] [5906] [WARNING] Worker with pid 6860 was terminated due to signal 9
[2022-07-17 06:36:29 +0800] [5906] [WARNING] Worker with pid 6858 was terminated due to signal 9
[2022-07-17 06:36:29 +0800] [5906] [WARNING] Worker with pid 6857 was terminated due to signal 9
[2022-07-17 06:36:29 +0800] [5906] [WARNING] Worker with pid 6856 was terminated due to signal 9
[2022-07-17 06:36:29 +0800] [5906] [WARNING] Worker with pid 6854 was terminated due to signal 9
[2022-07-17 06:36:29 +0800] [5906] [WARNING] Worker with pid 6853 was terminated due to signal 9
[2022-07-17 06:36:29 +0800] [5906] [WARNING] Worker with pid 6852 was terminated due to signal 9
[2022-07-17 06:36:29 +0800] [5906] [WARNING] Worker with pid 6850 was terminated due to signal 9
[2022-07-17 06:36:29 +0800] [5906] [WARNING] Worker with pid 6855 was terminated due to signal 9
[2022-07-17 06:36:29 +0800] [5906] [WARNING] Worker with pid 6849 was terminated due to signal 9
[2022-07-17 06:36:29 +0800] [5906] [WARNING] Worker with pid 6846 was terminated due to signal 9
[2022-07-17 06:36:29 +0800] [5906] [WARNING] Worker with pid 6862 was terminated due to signal 9
[2022-07-17 06:36:29 +0800] [5906] [WARNING] Worker with pid 6863 was terminated due to signal 9
[2022-07-17 06:54:14 +0800] [5906] [CRITICAL] WORKER TIMEOUT (pid:6865)
[2022-07-17 06:54:14 +0800] [5906] [CRITICAL] WORKER TIMEOUT (pid:6866)
[2022-07-17 06:54:14 +0800] [5906] [CRITICAL] WORKER TIMEOUT (pid:6869)
[2022-07-17 06:54:14 +0800] [5906] [CRITICAL] WORKER TIMEOUT (pid:6870)
[2022-07-17 06:54:14 +0800] [5906] [CRITICAL] WORKER TIMEOUT (pid:6871)
[2022-07-17 06:54:14 +0800] [5906] [CRITICAL] WORKER TIMEOUT (pid:6872)
[2022-07-17 06:54:14 +0800] [5906] [CRITICAL] WORKER TIMEOUT (pid:6873)
[2022-07-17 06:54:14 +0800] [5906] [CRITICAL] WORKER TIMEOUT (pid:6874)
[2022-07-17 06:54:14 +0800] [5906] [CRITICAL] WORKER TIMEOUT (pid:6875)
[2022-07-17 06:54:14 +0800] [5906] [CRITICAL] WORKER TIMEOUT (pid:6876)
[2022-07-17 06:54:14 +0800] [5906] [CRITICAL] WORKER TIMEOUT (pid:6877)
[2022-07-17 06:54:14 +0800] [5906] [CRITICAL] WORKER TIMEOUT (pid:6878)
[2022-07-17 06:54:14 +0800] [5906] [CRITICAL] WORKER TIMEOUT (pid:6879)
[2022-07-17 06:54:14 +0800] [5906] [CRITICAL] WORKER TIMEOUT (pid:6880)
[2022-07-17 06:54:14 +0800] [5906] [WARNING] Worker with pid 6876 was terminated due to signal 9
[2022-07-17 06:54:14 +0800] [5906] [WARNING] Worker with pid 6875 was terminated due to signal 9
[2022-07-17 06:54:14 +0800] [5906] [WARNING] Worker with pid 6874 was terminated due to signal 9
[2022-07-17 06:54:14 +0800] [5906] [WARNING] Worker with pid 6873 was terminated due to signal 9
[2022-07-17 06:54:14 +0800] [5906] [WARNING] Worker with pid 6872 was terminated due to signal 9
[2022-07-17 06:54:14 +0800] [5906] [WARNING] Worker with pid 6871 was terminated due to signal 9
[2022-07-17 06:54:14 +0800] [5906] [WARNING] Worker with pid 6870 was terminated due to signal 9
[2022-07-17 06:54:14 +0800] [5906] [WARNING] Worker with pid 6869 was terminated due to signal 9
[2022-07-17 06:54:14 +0800] [5906] [WARNING] Worker with pid 6866 was terminated due to signal 9
[2022-07-17 06:54:14 +0800] [5906] [WARNING] Worker with pid 6865 was terminated due to signal 9
[2022-07-17 06:54:14 +0800] [5906] [WARNING] Worker with pid 6877 was terminated due to signal 9
[2022-07-17 06:54:14 +0800] [5906] [WARNING] Worker with pid 6879 was terminated due to signal 9
[2022-07-17 06:54:14 +0800] [5906] [WARNING] Worker with pid 6880 was terminated due to signal 9
[2022-07-17 07:10:24 +0800] [5906] [CRITICAL] WORKER TIMEOUT (pid:6886)
[2022-07-17 07:10:24 +0800] [5906] [CRITICAL] WORKER TIMEOUT (pid:6887)
[2022-07-17 07:10:24 +0800] [5906] [CRITICAL] WORKER TIMEOUT (pid:6888)
[2022-07-17 07:10:24 +0800] [5906] [CRITICAL] WORKER TIMEOUT (pid:6889)
[2022-07-17 07:10:24 +0800] [5906] [CRITICAL] WORKER TIMEOUT (pid:6890)
[2022-07-17 07:10:24 +0800] [5906] [CRITICAL] WORKER TIMEOUT (pid:6891)
[2022-07-17 07:10:24 +0800] [5906] [CRITICAL] WORKER TIMEOUT (pid:6893)
[2022-07-17 07:10:24 +0800] [5906] [CRITICAL] WORKER TIMEOUT (pid:6894)
[2022-07-17 07:10:24 +0800] [5906] [CRITICAL] WORKER TIMEOUT (pid:6895)
[2022-07-17 07:10:24 +0800] [5906] [CRITICAL] WORKER TIMEOUT (pid:6900)
[2022-07-17 07:10:24 +0800] [5906] [WARNING] Worker with pid 6893 was terminated due to signal 9
[2022-07-17 07:10:24 +0800] [5906] [WARNING] Worker with pid 6887 was terminated due to signal 9
[2022-07-17 07:10:24 +0800] [5906] [WARNING] Worker with pid 6888 was terminated due to signal 9
[2022-07-17 07:10:24 +0800] [5906] [WARNING] Worker with pid 6900 was terminated due to signal 9
[2022-07-17 07:10:24 +0800] [5906] [WARNING] Worker with pid 6895 was terminated due to signal 9
[2022-07-17 07:10:24 +0800] [5906] [WARNING] Worker with pid 6894 was terminated due to signal 9
[2022-07-17 07:10:24 +0800] [5906] [WARNING] Worker with pid 6891 was terminated due to signal 9
[2022-07-17 07:10:24 +0800] [5906] [WARNING] Worker with pid 6886 was terminated due to signal 9
[2022-07-17 07:28:09 +0800] [5906] [CRITICAL] WORKER TIMEOUT (pid:6901)
[2022-07-17 07:28:09 +0800] [5906] [CRITICAL] WORKER TIMEOUT (pid:6902)
[2022-07-17 07:28:09 +0800] [5906] [CRITICAL] WORKER TIMEOUT (pid:6903)
[2022-07-17 07:28:09 +0800] [5906] [CRITICAL] WORKER TIMEOUT (pid:6904)
[2022-07-17 07:28:10 +0800] [5906] [WARNING] Worker with pid 6902 was terminated due to signal 9
[2022-07-17 07:43:51 +0800] [5906] [CRITICAL] WORKER TIMEOUT (pid:6881)
[2022-07-17 07:43:51 +0800] [5906] [CRITICAL] WORKER TIMEOUT (pid:6882)
[2022-07-17 07:43:51 +0800] [5906] [CRITICAL] WORKER TIMEOUT (pid:6883)
[2022-07-17 07:43:51 +0800] [5906] [CRITICAL] WORKER TIMEOUT (pid:6896)
[2022-07-17 07:43:51 +0800] [5906] [CRITICAL] WORKER TIMEOUT (pid:6897)
[2022-07-17 07:43:51 +0800] [5906] [CRITICAL] WORKER TIMEOUT (pid:6898)
[2022-07-17 07:43:51 +0800] [5906] [CRITICAL] WORKER TIMEOUT (pid:6899)
[2022-07-17 07:43:51 +0800] [5906] [CRITICAL] WORKER TIMEOUT (pid:6905)
[2022-07-17 07:43:51 +0800] [5906] [CRITICAL] WORKER TIMEOUT (pid:6906)
[2022-07-17 07:43:51 +0800] [5906] [CRITICAL] WORKER TIMEOUT (pid:6907)
[2022-07-17 07:43:51 +0800] [5906] [CRITICAL] WORKER TIMEOUT (pid:6908)
[2022-07-17 07:43:51 +0800] [5906] [CRITICAL] WORKER TIMEOUT (pid:6909)
[2022-07-17 07:43:51 +0800] [5906] [CRITICAL] WORKER TIMEOUT (pid:6910)
[2022-07-17 07:43:51 +0800] [5906] [CRITICAL] WORKER TIMEOUT (pid:6911)
[2022-07-17 07:43:51 +0800] [5906] [CRITICAL] WORKER TIMEOUT (pid:6912)
[2022-07-17 07:43:51 +0800] [5906] [WARNING] Worker with pid 6910 was terminated due to signal 9
[2022-07-17 07:43:51 +0800] [5906] [WARNING] Worker with pid 6909 was terminated due to signal 9
[2022-07-17 07:43:51 +0800] [5906] [WARNING] Worker with pid 6908 was terminated due to signal 9
[2022-07-17 07:43:51 +0800] [5906] [WARNING] Worker with pid 6899 was terminated due to signal 9
[2022-07-17 07:43:51 +0800] [5906] [WARNING] Worker with pid 6897 was terminated due to signal 9
[2022-07-17 07:43:51 +0800] [5906] [WARNING] Worker with pid 6896 was terminated due to signal 9
[2022-07-17 07:43:51 +0800] [5906] [WARNING] Worker with pid 6883 was terminated due to signal 9
[2022-07-17 07:43:51 +0800] [5906] [WARNING] Worker with pid 6907 was terminated due to signal 9
[2022-07-17 07:43:51 +0800] [5906] [WARNING] Worker with pid 6906 was terminated due to signal 9
[2022-07-17 07:43:51 +0800] [5906] [WARNING] Worker with pid 6905 was terminated due to signal 9
[2022-07-17 07:43:51 +0800] [5906] [WARNING] Worker with pid 6898 was terminated due to signal 9
[2022-07-17 07:43:51 +0800] [5906] [WARNING] Worker with pid 6882 was terminated due to signal 9
[2022-07-17 07:43:51 +0800] [5906] [WARNING] Worker with pid 6881 was terminated due to signal 9
[2022-07-17 07:59:38 +0800] [5906] [CRITICAL] WORKER TIMEOUT (pid:6917)
[2022-07-17 07:59:38 +0800] [5906] [CRITICAL] WORKER TIMEOUT (pid:6918)
[2022-07-17 07:59:38 +0800] [5906] [CRITICAL] WORKER TIMEOUT (pid:6919)
[2022-07-17 07:59:38 +0800] [5906] [CRITICAL] WORKER TIMEOUT (pid:6920)
[2022-07-17 07:59:38 +0800] [5906] [CRITICAL] WORKER TIMEOUT (pid:6921)
[2022-07-17 07:59:38 +0800] [5906] [CRITICAL] WORKER TIMEOUT (pid:6922)
[2022-07-17 07:59:38 +0800] [5906] [CRITICAL] WORKER TIMEOUT (pid:6923)
[2022-07-17 07:59:38 +0800] [5906] [CRITICAL] WORKER TIMEOUT (pid:6924)
[2022-07-17 07:59:38 +0800] [5906] [CRITICAL] WORKER TIMEOUT (pid:6925)
[2022-07-17 07:59:38 +0800] [5906] [CRITICAL] WORKER TIMEOUT (pid:6926)
[2022-07-17 07:59:38 +0800] [5906] [CRITICAL] WORKER TIMEOUT (pid:6927)
[2022-07-17 07:59:38 +0800] [5906] [CRITICAL] WORKER TIMEOUT (pid:6928)
[2022-07-17 07:59:38 +0800] [5906] [WARNING] Worker with pid 6927 was terminated due to signal 9
[2022-07-17 07:59:38 +0800] [5906] [WARNING] Worker with pid 6922 was terminated due to signal 9
[2022-07-17 07:59:38 +0800] [5906] [WARNING] Worker with pid 6921 was terminated due to signal 9
[2022-07-17 07:59:38 +0800] [5906] [WARNING] Worker with pid 6920 was terminated due to signal 9
[2022-07-17 07:59:38 +0800] [5906] [WARNING] Worker with pid 6917 was terminated due to signal 9
[2022-07-17 07:59:38 +0800] [5906] [WARNING] Worker with pid 6928 was terminated due to signal 9
[2022-07-17 07:59:38 +0800] [5906] [WARNING] Worker with pid 6923 was terminated due to signal 9
[2022-07-17 07:59:38 +0800] [5906] [WARNING] Worker with pid 6924 was terminated due to signal 9
[2022-07-17 07:59:38 +0800] [5906] [WARNING] Worker with pid 6919 was terminated due to signal 9
[2022-07-17 07:59:38 +0800] [5906] [WARNING] Worker with pid 6918 was terminated due to signal 9
[2022-07-17 08:16:54 +0800] [5906] [CRITICAL] WORKER TIMEOUT (pid:6913)
[2022-07-17 08:16:54 +0800] [5906] [CRITICAL] WORKER TIMEOUT (pid:6914)
[2022-07-17 08:16:54 +0800] [5906] [CRITICAL] WORKER TIMEOUT (pid:6931)
[2022-07-17 08:16:54 +0800] [5906] [CRITICAL] WORKER TIMEOUT (pid:6932)
[2022-07-17 08:16:54 +0800] [5906] [CRITICAL] WORKER TIMEOUT (pid:6933)
[2022-07-17 08:16:54 +0800] [5906] [CRITICAL] WORKER TIMEOUT (pid:6934)
[2022-07-17 08:16:54 +0800] [5906] [CRITICAL] WORKER TIMEOUT (pid:6935)
[2022-07-17 08:16:54 +0800] [5906] [CRITICAL] WORKER TIMEOUT (pid:6936)
[2022-07-17 08:16:54 +0800] [5906] [CRITICAL] WORKER TIMEOUT (pid:6943)
[2022-07-17 08:16:54 +0800] [5906] [WARNING] Worker with pid 6934 was terminated due to signal 9
[2022-07-17 08:16:54 +0800] [5906] [WARNING] Worker with pid 6933 was terminated due to signal 9
[2022-07-17 08:16:54 +0800] [5906] [WARNING] Worker with pid 6932 was terminated due to signal 9
[2022-07-17 08:16:54 +0800] [5906] [WARNING] Worker with pid 6914 was terminated due to signal 9
[2022-07-17 08:16:54 +0800] [5906] [WARNING] Worker with pid 6913 was terminated due to signal 9
[2022-07-17 08:16:54 +0800] [5906] [WARNING] Worker with pid 6935 was terminated due to signal 9
[2022-07-17 08:16:54 +0800] [5906] [WARNING] Worker with pid 6936 was terminated due to signal 9
[2022-07-17 08:34:34 +0800] [5906] [CRITICAL] WORKER TIMEOUT (pid:6929)
[2022-07-17 08:34:34 +0800] [5906] [CRITICAL] WORKER TIMEOUT (pid:6930)
[2022-07-17 08:34:34 +0800] [5906] [CRITICAL] WORKER TIMEOUT (pid:6937)
[2022-07-17 08:34:34 +0800] [5906] [CRITICAL] WORKER TIMEOUT (pid:6938)
[2022-07-17 08:34:34 +0800] [5906] [CRITICAL] WORKER TIMEOUT (pid:6939)
[2022-07-17 08:34:34 +0800] [5906] [CRITICAL] WORKER TIMEOUT (pid:6940)
[2022-07-17 08:34:34 +0800] [5906] [CRITICAL] WORKER TIMEOUT (pid:6941)
[2022-07-17 08:34:34 +0800] [5906] [CRITICAL] WORKER TIMEOUT (pid:6942)
[2022-07-17 08:34:34 +0800] [5906] [CRITICAL] WORKER TIMEOUT (pid:6944)
[2022-07-17 08:34:34 +0800] [5906] [CRITICAL] WORKER TIMEOUT (pid:6945)
[2022-07-17 08:34:34 +0800] [5906] [WARNING] Worker with pid 6938 was terminated due to signal 9
[2022-07-17 08:34:34 +0800] [5906] [WARNING] Worker with pid 6937 was terminated due to signal 9
[2022-07-17 08:34:34 +0800] [5906] [WARNING] Worker with pid 6930 was terminated due to signal 9
[2022-07-17 08:34:34 +0800] [5906] [WARNING] Worker with pid 6929 was terminated due to signal 9
[2022-07-17 08:34:34 +0800] [5906] [WARNING] Worker with pid 6940 was terminated due to signal 9
[2022-07-17 08:34:34 +0800] [5906] [WARNING] Worker with pid 6941 was terminated due to signal 9
[2022-07-17 08:34:34 +0800] [5906] [WARNING] Worker with pid 6942 was terminated due to signal 9
[2022-07-17 08:34:34 +0800] [5906] [WARNING] Worker with pid 6944 was terminated due to signal 9
[2022-07-17 08:50:34 +0800] [5906] [CRITICAL] WORKER TIMEOUT (pid:6951)
[2022-07-17 08:50:34 +0800] [5906] [CRITICAL] WORKER TIMEOUT (pid:6952)
[2022-07-17 08:50:34 +0800] [5906] [CRITICAL] WORKER TIMEOUT (pid:6958)
[2022-07-17 08:50:34 +0800] [5906] [CRITICAL] WORKER TIMEOUT (pid:6959)
[2022-07-17 08:50:34 +0800] [5906] [CRITICAL] WORKER TIMEOUT (pid:6960)
[2022-07-17 08:50:34 +0800] [5906] [CRITICAL] WORKER TIMEOUT (pid:6961)
[2022-07-17 08:50:34 +0800] [5906] [CRITICAL] WORKER TIMEOUT (pid:6962)
[2022-07-17 08:50:34 +0800] [5906] [WARNING] Worker with pid 6961 was terminated due to signal 9
[2022-07-17 08:50:34 +0800] [5906] [WARNING] Worker with pid 6952 was terminated due to signal 9
[2022-07-17 08:50:34 +0800] [5906] [WARNING] Worker with pid 6951 was terminated due to signal 9
[2022-07-17 08:50:34 +0800] [5906] [WARNING] Worker with pid 6958 was terminated due to signal 9
[2022-07-17 08:50:34 +0800] [5906] [WARNING] Worker with pid 6959 was terminated due to signal 9
[2022-07-17 08:50:34 +0800] [5906] [WARNING] Worker with pid 6960 was terminated due to signal 9
[2022-07-17 09:07:53 +0800] [5906] [CRITICAL] WORKER TIMEOUT (pid:6976)
[2022-07-17 09:25:27 +0800] [5906] [CRITICAL] WORKER TIMEOUT (pid:6963)
[2022-07-17 09:41:14 +0800] [5906] [CRITICAL] WORKER TIMEOUT (pid:6946)
[2022-07-17 09:41:14 +0800] [5906] [CRITICAL] WORKER TIMEOUT (pid:6947)
[2022-07-17 09:41:14 +0800] [5906] [CRITICAL] WORKER TIMEOUT (pid:6948)
[2022-07-17 09:41:14 +0800] [5906] [CRITICAL] WORKER TIMEOUT (pid:6949)
[2022-07-17 09:41:14 +0800] [5906] [CRITICAL] WORKER TIMEOUT (pid:6950)
[2022-07-17 09:41:14 +0800] [5906] [CRITICAL] WORKER TIMEOUT (pid:6964)
[2022-07-17 09:41:14 +0800] [5906] [CRITICAL] WORKER TIMEOUT (pid:6965)
[2022-07-17 09:41:14 +0800] [5906] [CRITICAL] WORKER TIMEOUT (pid:6966)
[2022-07-17 09:41:14 +0800] [5906] [CRITICAL] WORKER TIMEOUT (pid:6967)
[2022-07-17 09:41:15 +0800] [5906] [WARNING] Worker with pid 6965 was terminated due to signal 9
[2022-07-17 09:41:15 +0800] [5906] [WARNING] Worker with pid 6967 was terminated due to signal 9
[2022-07-17 09:41:15 +0800] [5906] [WARNING] Worker with pid 6947 was terminated due to signal 9
[2022-07-17 09:41:15 +0800] [5906] [WARNING] Worker with pid 6949 was terminated due to signal 9
[2022-07-17 09:41:15 +0800] [5906] [WARNING] Worker with pid 6950 was terminated due to signal 9
[2022-07-17 09:41:15 +0800] [5906] [WARNING] Worker with pid 6966 was terminated due to signal 9
[2022-07-17 09:41:15 +0800] [5906] [WARNING] Worker with pid 6946 was terminated due to signal 9
[2022-07-17 09:41:15 +0800] [5906] [WARNING] Worker with pid 6948 was terminated due to signal 9
[2022-07-17 09:57:52 +0800] [5906] [CRITICAL] WORKER TIMEOUT (pid:6970)
[2022-07-17 09:57:52 +0800] [5906] [CRITICAL] WORKER TIMEOUT (pid:6979)
[2022-07-17 11:24:12 +0800] [5906] [CRITICAL] WORKER TIMEOUT (pid:6971)
[2022-07-17 11:24:12 +0800] [5906] [CRITICAL] WORKER TIMEOUT (pid:6972)
[2022-07-17 11:24:12 +0800] [5906] [CRITICAL] WORKER TIMEOUT (pid:6973)
[2022-07-17 11:24:12 +0800] [5906] [CRITICAL] WORKER TIMEOUT (pid:6974)
[2022-07-17 11:24:12 +0800] [5906] [CRITICAL] WORKER TIMEOUT (pid:6975)
[2022-07-17 11:24:12 +0800] [5906] [CRITICAL] WORKER TIMEOUT (pid:6978)
[2022-07-17 11:24:12 +0800] [5906] [CRITICAL] WORKER TIMEOUT (pid:6981)
[2022-07-17 11:24:12 +0800] [5906] [CRITICAL] WORKER TIMEOUT (pid:6982)
[2022-07-17 11:24:12 +0800] [5906] [CRITICAL] WORKER TIMEOUT (pid:6983)
[2022-07-17 11:24:12 +0800] [5906] [CRITICAL] WORKER TIMEOUT (pid:6984)
[2022-07-17 11:24:12 +0800] [5906] [CRITICAL] WORKER TIMEOUT (pid:6985)
[2022-07-17 11:24:12 +0800] [5906] [CRITICAL] WORKER TIMEOUT (pid:6986)
[2022-07-17 11:24:12 +0800] [5906] [CRITICAL] WORKER TIMEOUT (pid:6987)
[2022-07-17 11:24:12 +0800] [5906] [CRITICAL] WORKER TIMEOUT (pid:6988)
[2022-07-17 11:24:12 +0800] [5906] [CRITICAL] WORKER TIMEOUT (pid:6989)
[2022-07-17 11:24:13 +0800] [5906] [WARNING] Worker with pid 6988 was terminated due to signal 9
[2022-07-17 11:24:13 +0800] [5906] [WARNING] Worker with pid 6983 was terminated due to signal 9
[2022-07-17 11:24:13 +0800] [5906] [WARNING] Worker with pid 6981 was terminated due to signal 9
[2022-07-17 11:24:13 +0800] [5906] [WARNING] Worker with pid 6978 was terminated due to signal 9
[2022-07-17 11:24:13 +0800] [5906] [WARNING] Worker with pid 6987 was terminated due to signal 9
[2022-07-17 11:24:13 +0800] [5906] [WARNING] Worker with pid 6989 was terminated due to signal 9
[2022-07-17 11:24:13 +0800] [5906] [WARNING] Worker with pid 6971 was terminated due to signal 9
[2022-07-17 11:24:13 +0800] [5906] [WARNING] Worker with pid 6984 was terminated due to signal 9
[2022-07-17 11:24:13 +0800] [5906] [WARNING] Worker with pid 6986 was terminated due to signal 9
[2022-07-17 11:24:13 +0800] [5906] [WARNING] Worker with pid 6985 was terminated due to signal 9
[2022-07-17 11:24:13 +0800] [5906] [WARNING] Worker with pid 6974 was terminated due to signal 9
[2022-07-17 11:24:13 +0800] [5906] [WARNING] Worker with pid 6973 was terminated due to signal 9
[2022-07-17 11:24:13 +0800] [5906] [WARNING] Worker with pid 6972 was terminated due to signal 9
[2022-07-17 11:40:10 +0800] [5906] [CRITICAL] WORKER TIMEOUT (pid:6991)
[2022-07-17 11:40:10 +0800] [5906] [CRITICAL] WORKER TIMEOUT (pid:6992)
[2022-07-17 11:40:10 +0800] [5906] [CRITICAL] WORKER TIMEOUT (pid:6997)
[2022-07-17 11:40:10 +0800] [5906] [CRITICAL] WORKER TIMEOUT (pid:6998)
[2022-07-17 11:40:10 +0800] [5906] [CRITICAL] WORKER TIMEOUT (pid:6999)
[2022-07-17 11:40:10 +0800] [5906] [CRITICAL] WORKER TIMEOUT (pid:7000)
[2022-07-17 11:40:10 +0800] [5906] [CRITICAL] WORKER TIMEOUT (pid:7001)
[2022-07-17 11:40:10 +0800] [5906] [CRITICAL] WORKER TIMEOUT (pid:7002)
[2022-07-17 11:40:10 +0800] [5906] [CRITICAL] WORKER TIMEOUT (pid:7003)
[2022-07-17 11:40:10 +0800] [5906] [CRITICAL] WORKER TIMEOUT (pid:7004)
[2022-07-17 11:40:10 +0800] [5906] [CRITICAL] WORKER TIMEOUT (pid:7005)
[2022-07-17 11:40:10 +0800] [5906] [CRITICAL] WORKER TIMEOUT (pid:7006)
[2022-07-17 11:40:10 +0800] [5906] [CRITICAL] WORKER TIMEOUT (pid:7007)
[2022-07-17 11:40:10 +0800] [5906] [WARNING] Worker with pid 7002 was terminated due to signal 9
[2022-07-17 11:40:10 +0800] [5906] [WARNING] Worker with pid 7001 was terminated due to signal 9
[2022-07-17 11:40:10 +0800] [5906] [WARNING] Worker with pid 7000 was terminated due to signal 9
[2022-07-17 11:40:10 +0800] [5906] [WARNING] Worker with pid 6998 was terminated due to signal 9
[2022-07-17 11:40:10 +0800] [5906] [WARNING] Worker with pid 6997 was terminated due to signal 9
[2022-07-17 11:40:10 +0800] [5906] [WARNING] Worker with pid 6992 was terminated due to signal 9
[2022-07-17 11:40:10 +0800] [5906] [WARNING] Worker with pid 7003 was terminated due to signal 9
[2022-07-17 11:40:10 +0800] [5906] [WARNING] Worker with pid 7007 was terminated due to signal 9
[2022-07-17 11:40:10 +0800] [5906] [WARNING] Worker with pid 7006 was terminated due to signal 9
[2022-07-17 11:40:10 +0800] [5906] [WARNING] Worker with pid 7005 was terminated due to signal 9
[2022-07-17 11:40:10 +0800] [5906] [WARNING] Worker with pid 6999 was terminated due to signal 9
[2022-07-17 11:40:10 +0800] [5906] [WARNING] Worker with pid 6991 was terminated due to signal 9
[2022-07-17 11:57:27 +0800] [5906] [CRITICAL] WORKER TIMEOUT (pid:7015)
[2022-07-17 11:57:27 +0800] [5906] [CRITICAL] WORKER TIMEOUT (pid:7016)
[2022-07-17 11:57:27 +0800] [5906] [CRITICAL] WORKER TIMEOUT (pid:7017)
[2022-07-17 11:57:27 +0800] [5906] [CRITICAL] WORKER TIMEOUT (pid:7018)
[2022-07-17 11:57:27 +0800] [5906] [WARNING] Worker with pid 7016 was terminated due to signal 9
[2022-07-17 11:57:27 +0800] [5906] [WARNING] Worker with pid 7015 was terminated due to signal 9
[2022-07-17 12:45:22 +0800] [5906] [CRITICAL] WORKER TIMEOUT (pid:7008)
[2022-07-17 12:45:22 +0800] [5906] [CRITICAL] WORKER TIMEOUT (pid:7009)
[2022-07-17 12:45:22 +0800] [5906] [CRITICAL] WORKER TIMEOUT (pid:7010)
[2022-07-17 12:45:22 +0800] [5906] [CRITICAL] WORKER TIMEOUT (pid:7011)
[2022-07-17 12:45:22 +0800] [5906] [CRITICAL] WORKER TIMEOUT (pid:7019)
[2022-07-17 12:45:22 +0800] [5906] [CRITICAL] WORKER TIMEOUT (pid:7020)
[2022-07-17 12:45:22 +0800] [5906] [CRITICAL] WORKER TIMEOUT (pid:7021)
[2022-07-17 12:45:22 +0800] [5906] [CRITICAL] WORKER TIMEOUT (pid:7022)
[2022-07-17 12:45:22 +0800] [5906] [CRITICAL] WORKER TIMEOUT (pid:7023)
[2022-07-17 12:45:22 +0800] [5906] [CRITICAL] WORKER TIMEOUT (pid:7024)
[2022-07-17 12:45:22 +0800] [5906] [CRITICAL] WORKER TIMEOUT (pid:7025)
[2022-07-17 12:45:22 +0800] [5906] [CRITICAL] WORKER TIMEOUT (pid:7026)
[2022-07-17 12:45:22 +0800] [5906] [CRITICAL] WORKER TIMEOUT (pid:7027)
[2022-07-17 12:45:22 +0800] [5906] [WARNING] Worker with pid 7027 was terminated due to signal 9
[2022-07-17 12:45:22 +0800] [5906] [WARNING] Worker with pid 7023 was terminated due to signal 9
[2022-07-17 12:45:22 +0800] [5906] [WARNING] Worker with pid 7010 was terminated due to signal 9
[2022-07-17 12:45:22 +0800] [5906] [WARNING] Worker with pid 7026 was terminated due to signal 9
[2022-07-17 12:45:22 +0800] [5906] [WARNING] Worker with pid 7020 was terminated due to signal 9
[2022-07-17 12:45:22 +0800] [5906] [WARNING] Worker with pid 7011 was terminated due to signal 9
[2022-07-17 12:45:22 +0800] [5906] [WARNING] Worker with pid 7008 was terminated due to signal 9
[2022-07-17 12:45:22 +0800] [5906] [WARNING] Worker with pid 7025 was terminated due to signal 9
[2022-07-17 12:45:22 +0800] [5906] [WARNING] Worker with pid 7022 was terminated due to signal 9
[2022-07-17 12:45:22 +0800] [5906] [WARNING] Worker with pid 7021 was terminated due to signal 9
[2022-07-17 12:45:22 +0800] [5906] [WARNING] Worker with pid 7009 was terminated due to signal 9
[2022-07-17 12:45:22 +0800] [5906] [WARNING] Worker with pid 7019 was terminated due to signal 9
[2022-07-17 12:48:23 +0800] [5906] [CRITICAL] WORKER TIMEOUT (pid:7028)
[2022-07-17 12:48:23 +0800] [5906] [CRITICAL] WORKER TIMEOUT (pid:7029)
[2022-07-17 12:48:23 +0800] [5906] [CRITICAL] WORKER TIMEOUT (pid:7030)
[2022-07-17 12:48:23 +0800] [5906] [CRITICAL] WORKER TIMEOUT (pid:7046)
[2022-07-17 12:48:23 +0800] [5906] [CRITICAL] WORKER TIMEOUT (pid:7047)
[2022-07-17 12:48:23 +0800] [5906] [CRITICAL] WORKER TIMEOUT (pid:7048)
[2022-07-17 12:48:23 +0800] [5906] [CRITICAL] WORKER TIMEOUT (pid:7049)
[2022-07-17 12:48:23 +0800] [5906] [CRITICAL] WORKER TIMEOUT (pid:7050)
[2022-07-17 12:48:23 +0800] [5906] [CRITICAL] WORKER TIMEOUT (pid:7051)
[2022-07-17 12:48:23 +0800] [5906] [CRITICAL] WORKER TIMEOUT (pid:7052)
[2022-07-17 12:48:23 +0800] [5906] [CRITICAL] WORKER TIMEOUT (pid:7053)
[2022-07-17 12:48:23 +0800] [5906] [CRITICAL] WORKER TIMEOUT (pid:7054)
[2022-07-17 12:48:23 +0800] [5906] [WARNING] Worker with pid 7030 was terminated due to signal 9
[2022-07-17 12:48:23 +0800] [5906] [WARNING] Worker with pid 7054 was terminated due to signal 9
[2022-07-17 12:48:23 +0800] [5906] [WARNING] Worker with pid 7048 was terminated due to signal 9
[2022-07-17 12:48:23 +0800] [5906] [WARNING] Worker with pid 7046 was terminated due to signal 9
[2022-07-17 12:48:23 +0800] [5906] [WARNING] Worker with pid 7052 was terminated due to signal 9
[2022-07-17 12:48:23 +0800] [5906] [WARNING] Worker with pid 7050 was terminated due to signal 9
[2022-07-17 12:48:23 +0800] [5906] [WARNING] Worker with pid 7049 was terminated due to signal 9
[2022-07-17 12:48:23 +0800] [5906] [WARNING] Worker with pid 7028 was terminated due to signal 9
[2022-07-17 12:48:24 +0800] [5906] [WARNING] Worker with pid 7029 was terminated due to signal 9
[2022-07-17 12:48:24 +0800] [5906] [WARNING] Worker with pid 7047 was terminated due to signal 9
[2022-07-17 15:11:44 +0800] [5906] [WARNING] Worker with pid 7069 was terminated due to signal 2
[2022-07-17 15:11:44 +0800] [5906] [WARNING] Worker with pid 7068 was terminated due to signal 2
[2022-07-17 15:11:44 +0800] [5906] [WARNING] Worker with pid 7067 was terminated due to signal 2
[2022-07-17 15:11:44 +0800] [5906] [WARNING] Worker with pid 7066 was terminated due to signal 2
[2022-07-17 15:11:44 +0800] [5906] [WARNING] Worker with pid 7065 was terminated due to signal 2
[2022-07-17 15:11:44 +0800] [5906] [WARNING] Worker with pid 7064 was terminated due to signal 2
[2022-07-17 15:11:44 +0800] [5906] [WARNING] Worker with pid 7063 was terminated due to signal 2
[2022-07-17 15:11:44 +0800] [5906] [WARNING] Worker with pid 7062 was terminated due to signal 2
[2022-07-17 15:11:44 +0800] [5906] [WARNING] Worker with pid 7058 was terminated due to signal 2
[2022-07-17 15:11:44 +0800] [5906] [WARNING] Worker with pid 7057 was terminated due to signal 2
[2022-07-17 15:11:44 +0800] [5906] [WARNING] Worker with pid 7056 was terminated due to signal 2
[2022-07-17 15:11:44 +0800] [5906] [WARNING] Worker with pid 7055 was terminated due to signal 2
[2022-07-17 15:11:44 +0800] [5906] [WARNING] Worker with pid 7031 was terminated due to signal 2
[2022-07-17 15:11:44 +0800] [5906] [WARNING] Worker with pid 7070 was terminated due to signal 2
[2022-07-17 15:11:44 +0800] [5906] [WARNING] Worker with pid 7073 was terminated due to signal 2
[2022-07-17 15:11:44 +0800] [5906] [WARNING] Worker with pid 7071 was terminated due to signal 2
[2022-07-17 15:11:44 +0800] [5906] [WARNING] Worker with pid 7072 was terminated due to signal 2
[2022-07-19 23:59:00 +0800] [71965] [WARNING] Worker with pid 71980 was terminated due to signal 2
